<?xml version="1.0" encoding="utf-8"?>
<!DOCTYPE coverage SYSTEM "http://cobertura.sourceforge.net/xml/coverage-04.dtd">
<coverage line-rate="0.8267634854771784" branch-rate="0.6138364779874214" lines-covered="3188" lines-valid="3856" branches-covered="976" branches-valid="1590" complexity="1755" version="0" timestamp="1749252705">
  <sources>
    <source>/home/runner/work/CA_Scanner/CA_Scanner/ConditionalAccessExporter/</source>
  </sources>
  <packages>
    <package name="ConditionalAccessExporter" line-rate="0.8267634854771784" branch-rate="0.6138364779874214" complexity="1755">
      <classes>
        <class name="ConditionalAccessExporter.Models.ComparisonResult" filename="/home/runner/work/CA_Scanner/CA_Scanner/ConditionalAccessExporter/Models/ComparisonResult.cs" line-rate="1" branch-rate="1" complexity="5">
          <methods>
            <method name="get_ComparedAt" signature="()" line-rate="1" branch-rate="1" complexity="1">
              <lines>
                <line number="7" hits="67" branch="false" />
              </lines>
            </method>
            <method name="get_TenantId" signature="()" line-rate="1" branch-rate="1" complexity="1">
              <lines>
                <line number="8" hits="118" branch="false" />
              </lines>
            </method>
            <method name="get_ReferenceDirectory" signature="()" line-rate="1" branch-rate="1" complexity="1">
              <lines>
                <line number="9" hits="113" branch="false" />
              </lines>
            </method>
            <method name="get_Summary" signature="()" line-rate="1" branch-rate="1" complexity="1">
              <lines>
                <line number="10" hits="313" branch="false" />
              </lines>
            </method>
            <method name="get_PolicyComparisons" signature="()" line-rate="1" branch-rate="1" complexity="1">
              <lines>
                <line number="11" hits="147" branch="false" />
              </lines>
            </method>
          </methods>
          <lines>
            <line number="7" hits="67" branch="false" />
            <line number="8" hits="118" branch="false" />
            <line number="9" hits="113" branch="false" />
            <line number="10" hits="313" branch="false" />
            <line number="11" hits="147" branch="false" />
          </lines>
        </class>
        <class name="ConditionalAccessExporter.Models.ComparisonSummary" filename="/home/runner/work/CA_Scanner/CA_Scanner/ConditionalAccessExporter/Models/ComparisonResult.cs" line-rate="1" branch-rate="1" complexity="6">
          <methods>
            <method name="get_EntraOnlyPolicies" signature="()" line-rate="1" branch-rate="1" complexity="1">
              <lines>
                <line number="16" hits="71" branch="false" />
              </lines>
            </method>
            <method name="get_ReferenceOnlyPolicies" signature="()" line-rate="1" branch-rate="1" complexity="1">
              <lines>
                <line number="17" hits="56" branch="false" />
              </lines>
            </method>
            <method name="get_MatchingPolicies" signature="()" line-rate="1" branch-rate="1" complexity="1">
              <lines>
                <line number="18" hits="59" branch="false" />
              </lines>
            </method>
            <method name="get_PoliciesWithDifferences" signature="()" line-rate="1" branch-rate="1" complexity="1">
              <lines>
                <line number="19" hits="61" branch="false" />
              </lines>
            </method>
            <method name="get_TotalEntraPolicies" signature="()" line-rate="1" branch-rate="1" complexity="1">
              <lines>
                <line number="20" hits="70" branch="false" />
              </lines>
            </method>
            <method name="get_TotalReferencePolicies" signature="()" line-rate="1" branch-rate="1" complexity="1">
              <lines>
                <line number="21" hits="66" branch="false" />
              </lines>
            </method>
          </methods>
          <lines>
            <line number="16" hits="71" branch="false" />
            <line number="17" hits="56" branch="false" />
            <line number="18" hits="59" branch="false" />
            <line number="19" hits="61" branch="false" />
            <line number="20" hits="70" branch="false" />
            <line number="21" hits="66" branch="false" />
          </lines>
        </class>
        <class name="ConditionalAccessExporter.Models.CrossFormatComparisonResult" filename="/home/runner/work/CA_Scanner/CA_Scanner/ConditionalAccessExporter/Models/ComparisonResult.cs" line-rate="1" branch-rate="1" complexity="7">
          <methods>
            <method name="get_ComparedAt" signature="()" line-rate="1" branch-rate="1" complexity="1">
              <lines>
                <line number="60" hits="82" branch="false" />
              </lines>
            </method>
            <method name="get_SourceDirectory" signature="()" line-rate="1" branch-rate="1" complexity="1">
              <lines>
                <line number="61" hits="142" branch="false" />
              </lines>
            </method>
            <method name="get_ReferenceDirectory" signature="()" line-rate="1" branch-rate="1" complexity="1">
              <lines>
                <line number="62" hits="140" branch="false" />
              </lines>
            </method>
            <method name="get_SourceFormat" signature="()" line-rate="1" branch-rate="1" complexity="1">
              <lines>
                <line number="63" hits="143" branch="false" />
              </lines>
            </method>
            <method name="get_ReferenceFormat" signature="()" line-rate="1" branch-rate="1" complexity="1">
              <lines>
                <line number="64" hits="142" branch="false" />
              </lines>
            </method>
            <method name="get_Summary" signature="()" line-rate="1" branch-rate="1" complexity="1">
              <lines>
                <line number="65" hits="393" branch="false" />
              </lines>
            </method>
            <method name="get_PolicyComparisons" signature="()" line-rate="1" branch-rate="1" complexity="1">
              <lines>
                <line number="66" hits="228" branch="false" />
              </lines>
            </method>
          </methods>
          <lines>
            <line number="60" hits="82" branch="false" />
            <line number="61" hits="142" branch="false" />
            <line number="62" hits="140" branch="false" />
            <line number="63" hits="143" branch="false" />
            <line number="64" hits="142" branch="false" />
            <line number="65" hits="393" branch="false" />
            <line number="66" hits="228" branch="false" />
          </lines>
        </class>
        <class name="ConditionalAccessExporter.Models.CrossFormatComparisonSummary" filename="/home/runner/work/CA_Scanner/CA_Scanner/ConditionalAccessExporter/Models/ComparisonResult.cs" line-rate="1" branch-rate="1" complexity="7">
          <methods>
            <method name="get_SourceOnlyPolicies" signature="()" line-rate="1" branch-rate="1" complexity="1">
              <lines>
                <line number="71" hits="61" branch="false" />
              </lines>
            </method>
            <method name="get_ReferenceOnlyPolicies" signature="()" line-rate="1" branch-rate="1" complexity="1">
              <lines>
                <line number="72" hits="59" branch="false" />
              </lines>
            </method>
            <method name="get_MatchingPolicies" signature="()" line-rate="1" branch-rate="1" complexity="1">
              <lines>
                <line number="73" hits="180" branch="false" />
              </lines>
            </method>
            <method name="get_SemanticallyEquivalentPolicies" signature="()" line-rate="1" branch-rate="1" complexity="1">
              <lines>
                <line number="74" hits="39" branch="false" />
              </lines>
            </method>
            <method name="get_PoliciesWithDifferences" signature="()" line-rate="1" branch-rate="1" complexity="1">
              <lines>
                <line number="75" hits="50" branch="false" />
              </lines>
            </method>
            <method name="get_TotalSourcePolicies" signature="()" line-rate="1" branch-rate="1" complexity="1">
              <lines>
                <line number="76" hits="96" branch="false" />
              </lines>
            </method>
            <method name="get_TotalReferencePolicies" signature="()" line-rate="1" branch-rate="1" complexity="1">
              <lines>
                <line number="77" hits="90" branch="false" />
              </lines>
            </method>
          </methods>
          <lines>
            <line number="71" hits="61" branch="false" />
            <line number="72" hits="59" branch="false" />
            <line number="73" hits="180" branch="false" />
            <line number="74" hits="39" branch="false" />
            <line number="75" hits="50" branch="false" />
            <line number="76" hits="96" branch="false" />
            <line number="77" hits="90" branch="false" />
          </lines>
        </class>
        <class name="ConditionalAccessExporter.Models.CrossFormatMatchingOptions" filename="/home/runner/work/CA_Scanner/CA_Scanner/ConditionalAccessExporter/Models/ComparisonResult.cs" line-rate="1" branch-rate="1" complexity="5">
          <methods>
            <method name="get_Strategy" signature="()" line-rate="1" branch-rate="1" complexity="1">
              <lines>
                <line number="111" hits="146" branch="false" />
              </lines>
            </method>
            <method name="get_CaseSensitive" signature="()" line-rate="1" branch-rate="1" complexity="1">
              <lines>
                <line number="112" hits="124" branch="false" />
              </lines>
            </method>
            <method name="get_EnableSemanticComparison" signature="()" line-rate="1" branch-rate="1" complexity="1">
              <lines>
                <line number="113" hits="62" branch="false" />
              </lines>
            </method>
            <method name="get_SemanticSimilarityThreshold" signature="()" line-rate="1" branch-rate="1" complexity="1">
              <lines>
                <line number="114" hits="42" branch="false" />
              </lines>
            </method>
            <method name="get_CustomMappings" signature="()" line-rate="1" branch-rate="1" complexity="1">
              <lines>
                <line number="115" hits="47" branch="false" />
              </lines>
            </method>
          </methods>
          <lines>
            <line number="111" hits="146" branch="false" />
            <line number="112" hits="124" branch="false" />
            <line number="113" hits="62" branch="false" />
            <line number="114" hits="42" branch="false" />
            <line number="115" hits="47" branch="false" />
          </lines>
        </class>
        <class name="ConditionalAccessExporter.Models.CrossFormatPolicyComparison" filename="/home/runner/work/CA_Scanner/CA_Scanner/ConditionalAccessExporter/Models/ComparisonResult.cs" line-rate="1" branch-rate="1" complexity="8">
          <methods>
            <method name="get_PolicyId" signature="()" line-rate="1" branch-rate="1" complexity="1">
              <lines>
                <line number="82" hits="343" branch="false" />
              </lines>
            </method>
            <method name="get_PolicyName" signature="()" line-rate="1" branch-rate="1" complexity="1">
              <lines>
                <line number="83" hits="414" branch="false" />
              </lines>
            </method>
            <method name="get_Status" signature="()" line-rate="1" branch-rate="1" complexity="1">
              <lines>
                <line number="84" hits="439" branch="false" />
              </lines>
            </method>
            <method name="get_SourcePolicy" signature="()" line-rate="1" branch-rate="1" complexity="1">
              <lines>
                <line number="85" hits="330" branch="false" />
              </lines>
            </method>
            <method name="get_ReferencePolicy" signature="()" line-rate="1" branch-rate="1" complexity="1">
              <lines>
                <line number="86" hits="488" branch="false" />
              </lines>
            </method>
            <method name="get_SemanticAnalysis" signature="()" line-rate="1" branch-rate="1" complexity="1">
              <lines>
                <line number="87" hits="125" branch="false" />
              </lines>
            </method>
            <method name="get_Differences" signature="()" line-rate="1" branch-rate="1" complexity="1">
              <lines>
                <line number="88" hits="199" branch="false" />
              </lines>
            </method>
            <method name="get_ConversionSuggestions" signature="()" line-rate="1" branch-rate="1" complexity="1">
              <lines>
                <line number="89" hits="197" branch="false" />
              </lines>
            </method>
          </methods>
          <lines>
            <line number="82" hits="343" branch="false" />
            <line number="83" hits="414" branch="false" />
            <line number="84" hits="439" branch="false" />
            <line number="85" hits="330" branch="false" />
            <line number="86" hits="488" branch="false" />
            <line number="87" hits="125" branch="false" />
            <line number="88" hits="199" branch="false" />
            <line number="89" hits="197" branch="false" />
          </lines>
        </class>
        <class name="ConditionalAccessExporter.Models.JsonApplicationEnforcedRestrictions" filename="/home/runner/work/CA_Scanner/CA_Scanner/ConditionalAccessExporter/Models/TerraformModels.cs" line-rate="1" branch-rate="1" complexity="1">
          <methods>
            <method name="get_IsEnabled" signature="()" line-rate="1" branch-rate="1" complexity="1">
              <lines>
                <line number="253" hits="5" branch="false" />
              </lines>
            </method>
          </methods>
          <lines>
            <line number="253" hits="5" branch="false" />
          </lines>
        </class>
        <class name="ConditionalAccessExporter.Models.JsonApplications" filename="/home/runner/work/CA_Scanner/CA_Scanner/ConditionalAccessExporter/Models/TerraformModels.cs" line-rate="1" branch-rate="1" complexity="4">
          <methods>
            <method name="get_IncludeApplications" signature="()" line-rate="1" branch-rate="1" complexity="1">
              <lines>
                <line number="194" hits="8" branch="false" />
              </lines>
            </method>
            <method name="get_ExcludeApplications" signature="()" line-rate="1" branch-rate="1" complexity="1">
              <lines>
                <line number="195" hits="7" branch="false" />
              </lines>
            </method>
            <method name="get_IncludeUserActions" signature="()" line-rate="1" branch-rate="1" complexity="1">
              <lines>
                <line number="196" hits="6" branch="false" />
              </lines>
            </method>
            <method name="get_IncludeAuthenticationContextClassReferences" signature="()" line-rate="1" branch-rate="1" complexity="1">
              <lines>
                <line number="197" hits="2" branch="false" />
              </lines>
            </method>
          </methods>
          <lines>
            <line number="194" hits="8" branch="false" />
            <line number="195" hits="7" branch="false" />
            <line number="196" hits="6" branch="false" />
            <line number="197" hits="2" branch="false" />
          </lines>
        </class>
        <class name="ConditionalAccessExporter.Models.JsonAuthenticationStrength" filename="/home/runner/work/CA_Scanner/CA_Scanner/ConditionalAccessExporter/Models/TerraformModels.cs" line-rate="0" branch-rate="1" complexity="2">
          <methods>
            <method name="get_Id" signature="()" line-rate="0" branch-rate="1" complexity="1">
              <lines>
                <line number="239" hits="0" branch="false" />
              </lines>
            </method>
            <method name="get_DisplayName" signature="()" line-rate="0" branch-rate="1" complexity="1">
              <lines>
                <line number="240" hits="0" branch="false" />
              </lines>
            </method>
          </methods>
          <lines>
            <line number="239" hits="0" branch="false" />
            <line number="240" hits="0" branch="false" />
          </lines>
        </class>
        <class name="ConditionalAccessExporter.Models.JsonClientApplications" filename="/home/runner/work/CA_Scanner/CA_Scanner/ConditionalAccessExporter/Models/TerraformModels.cs" line-rate="0" branch-rate="1" complexity="2">
          <methods>
            <method name="get_IncludeServicePrincipals" signature="()" line-rate="0" branch-rate="1" complexity="1">
              <lines>
                <line number="224" hits="0" branch="false" />
              </lines>
            </method>
            <method name="get_ExcludeServicePrincipals" signature="()" line-rate="0" branch-rate="1" complexity="1">
              <lines>
                <line number="225" hits="0" branch="false" />
              </lines>
            </method>
          </methods>
          <lines>
            <line number="224" hits="0" branch="false" />
            <line number="225" hits="0" branch="false" />
          </lines>
        </class>
        <class name="ConditionalAccessExporter.Models.JsonCloudAppSecurity" filename="/home/runner/work/CA_Scanner/CA_Scanner/ConditionalAccessExporter/Models/TerraformModels.cs" line-rate="0" branch-rate="1" complexity="2">
          <methods>
            <method name="get_IsEnabled" signature="()" line-rate="0" branch-rate="1" complexity="1">
              <lines>
                <line number="258" hits="0" branch="false" />
              </lines>
            </method>
            <method name="get_CloudAppSecurityType" signature="()" line-rate="0" branch-rate="1" complexity="1">
              <lines>
                <line number="259" hits="0" branch="false" />
              </lines>
            </method>
          </methods>
          <lines>
            <line number="258" hits="0" branch="false" />
            <line number="259" hits="0" branch="false" />
          </lines>
        </class>
        <class name="ConditionalAccessExporter.Models.JsonConditionalAccessPolicy" filename="/home/runner/work/CA_Scanner/CA_Scanner/ConditionalAccessExporter/Models/TerraformModels.cs" line-rate="1" branch-rate="1" complexity="8">
          <methods>
            <method name="get_Id" signature="()" line-rate="1" branch-rate="1" complexity="1">
              <lines>
                <line number="170" hits="85" branch="false" />
              </lines>
            </method>
            <method name="get_DisplayName" signature="()" line-rate="1" branch-rate="1" complexity="1">
              <lines>
                <line number="171" hits="135" branch="false" />
              </lines>
            </method>
            <method name="get_State" signature="()" line-rate="1" branch-rate="1" complexity="1">
              <lines>
                <line number="172" hits="121" branch="false" />
              </lines>
            </method>
            <method name="get_CreatedDateTime" signature="()" line-rate="1" branch-rate="1" complexity="1">
              <lines>
                <line number="173" hits="83" branch="false" />
              </lines>
            </method>
            <method name="get_ModifiedDateTime" signature="()" line-rate="1" branch-rate="1" complexity="1">
              <lines>
                <line number="174" hits="83" branch="false" />
              </lines>
            </method>
            <method name="get_Conditions" signature="()" line-rate="1" branch-rate="1" complexity="1">
              <lines>
                <line number="175" hits="68" branch="false" />
              </lines>
            </method>
            <method name="get_GrantControls" signature="()" line-rate="1" branch-rate="1" complexity="1">
              <lines>
                <line number="176" hits="54" branch="false" />
              </lines>
            </method>
            <method name="get_SessionControls" signature="()" line-rate="1" branch-rate="1" complexity="1">
              <lines>
                <line number="177" hits="55" branch="false" />
              </lines>
            </method>
          </methods>
          <lines>
            <line number="170" hits="85" branch="false" />
            <line number="171" hits="135" branch="false" />
            <line number="172" hits="121" branch="false" />
            <line number="173" hits="83" branch="false" />
            <line number="174" hits="83" branch="false" />
            <line number="175" hits="68" branch="false" />
            <line number="176" hits="54" branch="false" />
            <line number="177" hits="55" branch="false" />
          </lines>
        </class>
        <class name="ConditionalAccessExporter.Models.JsonConditions" filename="/home/runner/work/CA_Scanner/CA_Scanner/ConditionalAccessExporter/Models/TerraformModels.cs" line-rate="1" branch-rate="1" complexity="8">
          <methods>
            <method name="get_Applications" signature="()" line-rate="1" branch-rate="1" complexity="1">
              <lines>
                <line number="182" hits="19" branch="false" />
              </lines>
            </method>
            <method name="get_Users" signature="()" line-rate="1" branch-rate="1" complexity="1">
              <lines>
                <line number="183" hits="27" branch="false" />
              </lines>
            </method>
            <method name="get_ClientAppTypes" signature="()" line-rate="1" branch-rate="1" complexity="1">
              <lines>
                <line number="184" hits="6" branch="false" />
              </lines>
            </method>
            <method name="get_Platforms" signature="()" line-rate="1" branch-rate="1" complexity="1">
              <lines>
                <line number="185" hits="6" branch="false" />
              </lines>
            </method>
            <method name="get_Locations" signature="()" line-rate="1" branch-rate="1" complexity="1">
              <lines>
                <line number="186" hits="10" branch="false" />
              </lines>
            </method>
            <method name="get_SignInRiskLevels" signature="()" line-rate="1" branch-rate="1" complexity="1">
              <lines>
                <line number="187" hits="6" branch="false" />
              </lines>
            </method>
            <method name="get_UserRiskLevels" signature="()" line-rate="1" branch-rate="1" complexity="1">
              <lines>
                <line number="188" hits="6" branch="false" />
              </lines>
            </method>
            <method name="get_ClientApplications" signature="()" line-rate="1" branch-rate="1" complexity="1">
              <lines>
                <line number="189" hits="4" branch="false" />
              </lines>
            </method>
          </methods>
          <lines>
            <line number="182" hits="19" branch="false" />
            <line number="183" hits="27" branch="false" />
            <line number="184" hits="6" branch="false" />
            <line number="185" hits="6" branch="false" />
            <line number="186" hits="10" branch="false" />
            <line number="187" hits="6" branch="false" />
            <line number="188" hits="6" branch="false" />
            <line number="189" hits="4" branch="false" />
          </lines>
        </class>
        <class name="ConditionalAccessExporter.Models.JsonGrantControls" filename="/home/runner/work/CA_Scanner/CA_Scanner/ConditionalAccessExporter/Models/TerraformModels.cs" line-rate="1" branch-rate="1" complexity="5">
          <methods>
            <method name="get_Operator" signature="()" line-rate="1" branch-rate="1" complexity="1">
              <lines>
                <line number="230" hits="5" branch="false" />
              </lines>
            </method>
            <method name="get_BuiltInControls" signature="()" line-rate="1" branch-rate="1" complexity="1">
              <lines>
                <line number="231" hits="6" branch="false" />
              </lines>
            </method>
            <method name="get_CustomAuthenticationFactors" signature="()" line-rate="1" branch-rate="1" complexity="1">
              <lines>
                <line number="232" hits="3" branch="false" />
              </lines>
            </method>
            <method name="get_TermsOfUse" signature="()" line-rate="1" branch-rate="1" complexity="1">
              <lines>
                <line number="233" hits="3" branch="false" />
              </lines>
            </method>
            <method name="get_AuthenticationStrength" signature="()" line-rate="1" branch-rate="1" complexity="1">
              <lines>
                <line number="234" hits="2" branch="false" />
              </lines>
            </method>
          </methods>
          <lines>
            <line number="230" hits="5" branch="false" />
            <line number="231" hits="6" branch="false" />
            <line number="232" hits="3" branch="false" />
            <line number="233" hits="3" branch="false" />
            <line number="234" hits="2" branch="false" />
          </lines>
        </class>
        <class name="ConditionalAccessExporter.Models.JsonLocations" filename="/home/runner/work/CA_Scanner/CA_Scanner/ConditionalAccessExporter/Models/TerraformModels.cs" line-rate="0" branch-rate="1" complexity="2">
          <methods>
            <method name="get_IncludeLocations" signature="()" line-rate="0" branch-rate="1" complexity="1">
              <lines>
                <line number="218" hits="0" branch="false" />
              </lines>
            </method>
            <method name="get_ExcludeLocations" signature="()" line-rate="0" branch-rate="1" complexity="1">
              <lines>
                <line number="219" hits="0" branch="false" />
              </lines>
            </method>
          </methods>
          <lines>
            <line number="218" hits="0" branch="false" />
            <line number="219" hits="0" branch="false" />
          </lines>
        </class>
        <class name="ConditionalAccessExporter.Models.JsonPersistentBrowser" filename="/home/runner/work/CA_Scanner/CA_Scanner/ConditionalAccessExporter/Models/TerraformModels.cs" line-rate="0" branch-rate="1" complexity="2">
          <methods>
            <method name="get_IsEnabled" signature="()" line-rate="0" branch-rate="1" complexity="1">
              <lines>
                <line number="264" hits="0" branch="false" />
              </lines>
            </method>
            <method name="get_Mode" signature="()" line-rate="0" branch-rate="1" complexity="1">
              <lines>
                <line number="265" hits="0" branch="false" />
              </lines>
            </method>
          </methods>
          <lines>
            <line number="264" hits="0" branch="false" />
            <line number="265" hits="0" branch="false" />
          </lines>
        </class>
        <class name="ConditionalAccessExporter.Models.JsonPlatforms" filename="/home/runner/work/CA_Scanner/CA_Scanner/ConditionalAccessExporter/Models/TerraformModels.cs" line-rate="0" branch-rate="1" complexity="2">
          <methods>
            <method name="get_IncludePlatforms" signature="()" line-rate="0" branch-rate="1" complexity="1">
              <lines>
                <line number="212" hits="0" branch="false" />
              </lines>
            </method>
            <method name="get_ExcludePlatforms" signature="()" line-rate="0" branch-rate="1" complexity="1">
              <lines>
                <line number="213" hits="0" branch="false" />
              </lines>
            </method>
          </methods>
          <lines>
            <line number="212" hits="0" branch="false" />
            <line number="213" hits="0" branch="false" />
          </lines>
        </class>
        <class name="ConditionalAccessExporter.Models.JsonPolicyExport" filename="/home/runner/work/CA_Scanner/CA_Scanner/ConditionalAccessExporter/Models/TerraformModels.cs" line-rate="1" branch-rate="1" complexity="5">
          <methods>
            <method name="get_ExportedAt" signature="()" line-rate="1" branch-rate="1" complexity="1">
              <lines>
                <line number="161" hits="35" branch="false" />
              </lines>
            </method>
            <method name="get_TenantId" signature="()" line-rate="1" branch-rate="1" complexity="1">
              <lines>
                <line number="162" hits="33" branch="false" />
              </lines>
            </method>
            <method name="get_Source" signature="()" line-rate="1" branch-rate="1" complexity="1">
              <lines>
                <line number="163" hits="33" branch="false" />
              </lines>
            </method>
            <method name="get_PoliciesCount" signature="()" line-rate="1" branch-rate="1" complexity="1">
              <lines>
                <line number="164" hits="48" branch="false" />
              </lines>
            </method>
            <method name="get_Policies" signature="()" line-rate="1" branch-rate="1" complexity="1">
              <lines>
                <line number="165" hits="167" branch="false" />
              </lines>
            </method>
          </methods>
          <lines>
            <line number="161" hits="35" branch="false" />
            <line number="162" hits="33" branch="false" />
            <line number="163" hits="33" branch="false" />
            <line number="164" hits="48" branch="false" />
            <line number="165" hits="167" branch="false" />
          </lines>
        </class>
        <class name="ConditionalAccessExporter.Models.JsonSessionControls" filename="/home/runner/work/CA_Scanner/CA_Scanner/ConditionalAccessExporter/Models/TerraformModels.cs" line-rate="1" branch-rate="1" complexity="4">
          <methods>
            <method name="get_ApplicationEnforcedRestrictions" signature="()" line-rate="1" branch-rate="1" complexity="1">
              <lines>
                <line number="245" hits="6" branch="false" />
              </lines>
            </method>
            <method name="get_CloudAppSecurity" signature="()" line-rate="1" branch-rate="1" complexity="1">
              <lines>
                <line number="246" hits="3" branch="false" />
              </lines>
            </method>
            <method name="get_PersistentBrowser" signature="()" line-rate="1" branch-rate="1" complexity="1">
              <lines>
                <line number="247" hits="3" branch="false" />
              </lines>
            </method>
            <method name="get_SignInFrequency" signature="()" line-rate="1" branch-rate="1" complexity="1">
              <lines>
                <line number="248" hits="11" branch="false" />
              </lines>
            </method>
          </methods>
          <lines>
            <line number="245" hits="6" branch="false" />
            <line number="246" hits="3" branch="false" />
            <line number="247" hits="3" branch="false" />
            <line number="248" hits="11" branch="false" />
          </lines>
        </class>
        <class name="ConditionalAccessExporter.Models.JsonSignInFrequency" filename="/home/runner/work/CA_Scanner/CA_Scanner/ConditionalAccessExporter/Models/TerraformModels.cs" line-rate="1" branch-rate="1" complexity="4">
          <methods>
            <method name="get_IsEnabled" signature="()" line-rate="1" branch-rate="1" complexity="1">
              <lines>
                <line number="270" hits="4" branch="false" />
              </lines>
            </method>
            <method name="get_Type" signature="()" line-rate="1" branch-rate="1" complexity="1">
              <lines>
                <line number="271" hits="5" branch="false" />
              </lines>
            </method>
            <method name="get_Value" signature="()" line-rate="1" branch-rate="1" complexity="1">
              <lines>
                <line number="272" hits="5" branch="false" />
              </lines>
            </method>
            <method name="get_AuthenticationType" signature="()" line-rate="1" branch-rate="1" complexity="1">
              <lines>
                <line number="273" hits="3" branch="false" />
              </lines>
            </method>
          </methods>
          <lines>
            <line number="270" hits="4" branch="false" />
            <line number="271" hits="5" branch="false" />
            <line number="272" hits="5" branch="false" />
            <line number="273" hits="3" branch="false" />
          </lines>
        </class>
        <class name="ConditionalAccessExporter.Models.JsonToTerraformResult" filename="/home/runner/work/CA_Scanner/CA_Scanner/ConditionalAccessExporter/Models/TerraformModels.cs" line-rate="1" branch-rate="1" complexity="10">
          <methods>
            <method name="get_ConvertedAt" signature="()" line-rate="1" branch-rate="1" complexity="1">
              <lines>
                <line number="278" hits="18" branch="false" />
              </lines>
            </method>
            <method name="get_SourcePath" signature="()" line-rate="1" branch-rate="1" complexity="1">
              <lines>
                <line number="279" hits="37" branch="false" />
              </lines>
            </method>
            <method name="get_OutputPath" signature="()" line-rate="1" branch-rate="1" complexity="1">
              <lines>
                <line number="280" hits="78" branch="false" />
              </lines>
            </method>
            <method name="get_GeneratedFiles" signature="()" line-rate="1" branch-rate="1" complexity="1">
              <lines>
                <line number="281" hits="69" branch="false" />
              </lines>
            </method>
            <method name="get_ConversionLog" signature="()" line-rate="1" branch-rate="1" complexity="1">
              <lines>
                <line number="282" hits="35" branch="false" />
              </lines>
            </method>
            <method name="get_Errors" signature="()" line-rate="1" branch-rate="1" complexity="1">
              <lines>
                <line number="283" hits="41" branch="false" />
              </lines>
            </method>
            <method name="get_Warnings" signature="()" line-rate="1" branch-rate="1" complexity="1">
              <lines>
                <line number="284" hits="35" branch="false" />
              </lines>
            </method>
            <method name="get_SuccessfulConversions" signature="()" line-rate="1" branch-rate="1" complexity="1">
              <lines>
                <line number="285" hits="20" branch="false" />
              </lines>
            </method>
            <method name="get_FailedConversions" signature="()" line-rate="1" branch-rate="1" complexity="1">
              <lines>
                <line number="286" hits="18" branch="false" />
              </lines>
            </method>
            <method name="get_Options" signature="()" line-rate="1" branch-rate="1" complexity="1">
              <lines>
                <line number="287" hits="183" branch="false" />
              </lines>
            </method>
          </methods>
          <lines>
            <line number="278" hits="18" branch="false" />
            <line number="279" hits="37" branch="false" />
            <line number="280" hits="78" branch="false" />
            <line number="281" hits="69" branch="false" />
            <line number="282" hits="35" branch="false" />
            <line number="283" hits="41" branch="false" />
            <line number="284" hits="35" branch="false" />
            <line number="285" hits="20" branch="false" />
            <line number="286" hits="18" branch="false" />
            <line number="287" hits="183" branch="false" />
          </lines>
        </class>
        <class name="ConditionalAccessExporter.Models.JsonUsers" filename="/home/runner/work/CA_Scanner/CA_Scanner/ConditionalAccessExporter/Models/TerraformModels.cs" line-rate="1" branch-rate="1" complexity="6">
          <methods>
            <method name="get_IncludeUsers" signature="()" line-rate="1" branch-rate="1" complexity="1">
              <lines>
                <line number="202" hits="8" branch="false" />
              </lines>
            </method>
            <method name="get_ExcludeUsers" signature="()" line-rate="1" branch-rate="1" complexity="1">
              <lines>
                <line number="203" hits="7" branch="false" />
              </lines>
            </method>
            <method name="get_IncludeGroups" signature="()" line-rate="1" branch-rate="1" complexity="1">
              <lines>
                <line number="204" hits="7" branch="false" />
              </lines>
            </method>
            <method name="get_ExcludeGroups" signature="()" line-rate="1" branch-rate="1" complexity="1">
              <lines>
                <line number="205" hits="7" branch="false" />
              </lines>
            </method>
            <method name="get_IncludeRoles" signature="()" line-rate="1" branch-rate="1" complexity="1">
              <lines>
                <line number="206" hits="3" branch="false" />
              </lines>
            </method>
            <method name="get_ExcludeRoles" signature="()" line-rate="1" branch-rate="1" complexity="1">
              <lines>
                <line number="207" hits="3" branch="false" />
              </lines>
            </method>
          </methods>
          <lines>
            <line number="202" hits="8" branch="false" />
            <line number="203" hits="7" branch="false" />
            <line number="204" hits="7" branch="false" />
            <line number="205" hits="7" branch="false" />
            <line number="206" hits="3" branch="false" />
            <line number="207" hits="3" branch="false" />
          </lines>
        </class>
        <class name="ConditionalAccessExporter.Models.MatchingOptions" filename="/home/runner/work/CA_Scanner/CA_Scanner/ConditionalAccessExporter/Models/ComparisonResult.cs" line-rate="1" branch-rate="1" complexity="3">
          <methods>
            <method name="get_Strategy" signature="()" line-rate="1" branch-rate="1" complexity="1">
              <lines>
                <line number="45" hits="76" branch="false" />
              </lines>
            </method>
            <method name="get_CaseSensitive" signature="()" line-rate="1" branch-rate="1" complexity="1">
              <lines>
                <line number="46" hits="70" branch="false" />
              </lines>
            </method>
            <method name="get_CustomMappings" signature="()" line-rate="1" branch-rate="1" complexity="1">
              <lines>
                <line number="47" hits="35" branch="false" />
              </lines>
            </method>
          </methods>
          <lines>
            <line number="45" hits="76" branch="false" />
            <line number="46" hits="70" branch="false" />
            <line number="47" hits="35" branch="false" />
          </lines>
        </class>
        <class name="ConditionalAccessExporter.Models.NormalizedApplications" filename="/home/runner/work/CA_Scanner/CA_Scanner/ConditionalAccessExporter/Models/ComparisonResult.cs" line-rate="1" branch-rate="1" complexity="3">
          <methods>
            <method name="get_IncludeApplications" signature="()" line-rate="1" branch-rate="1" complexity="1">
              <lines>
                <line number="153" hits="493" branch="false" />
              </lines>
            </method>
            <method name="get_ExcludeApplications" signature="()" line-rate="1" branch-rate="1" complexity="1">
              <lines>
                <line number="154" hits="367" branch="false" />
              </lines>
            </method>
            <method name="get_IncludeUserActions" signature="()" line-rate="1" branch-rate="1" complexity="1">
              <lines>
                <line number="155" hits="365" branch="false" />
              </lines>
            </method>
          </methods>
          <lines>
            <line number="153" hits="493" branch="false" />
            <line number="154" hits="367" branch="false" />
            <line number="155" hits="365" branch="false" />
          </lines>
        </class>
        <class name="ConditionalAccessExporter.Models.NormalizedConditions" filename="/home/runner/work/CA_Scanner/CA_Scanner/ConditionalAccessExporter/Models/ComparisonResult.cs" line-rate="1" branch-rate="1" complexity="7">
          <methods>
            <method name="get_Applications" signature="()" line-rate="1" branch-rate="1" complexity="1">
              <lines>
                <line number="142" hits="493" branch="false" />
              </lines>
            </method>
            <method name="get_Users" signature="()" line-rate="1" branch-rate="1" complexity="1">
              <lines>
                <line number="143" hits="493" branch="false" />
              </lines>
            </method>
            <method name="get_ClientAppTypes" signature="()" line-rate="1" branch-rate="1" complexity="1">
              <lines>
                <line number="144" hits="369" branch="false" />
              </lines>
            </method>
            <method name="get_Platforms" signature="()" line-rate="1" branch-rate="1" complexity="1">
              <lines>
                <line number="145" hits="367" branch="false" />
              </lines>
            </method>
            <method name="get_Locations" signature="()" line-rate="1" branch-rate="1" complexity="1">
              <lines>
                <line number="146" hits="367" branch="false" />
              </lines>
            </method>
            <method name="get_SignInRiskLevels" signature="()" line-rate="1" branch-rate="1" complexity="1">
              <lines>
                <line number="147" hits="367" branch="false" />
              </lines>
            </method>
            <method name="get_UserRiskLevels" signature="()" line-rate="1" branch-rate="1" complexity="1">
              <lines>
                <line number="148" hits="367" branch="false" />
              </lines>
            </method>
          </methods>
          <lines>
            <line number="142" hits="493" branch="false" />
            <line number="143" hits="493" branch="false" />
            <line number="144" hits="369" branch="false" />
            <line number="145" hits="367" branch="false" />
            <line number="146" hits="367" branch="false" />
            <line number="147" hits="367" branch="false" />
            <line number="148" hits="367" branch="false" />
          </lines>
        </class>
        <class name="ConditionalAccessExporter.Models.NormalizedGrantControls" filename="/home/runner/work/CA_Scanner/CA_Scanner/ConditionalAccessExporter/Models/ComparisonResult.cs" line-rate="1" branch-rate="1" complexity="4">
          <methods>
            <method name="get_Operator" signature="()" line-rate="1" branch-rate="1" complexity="1">
              <lines>
                <line number="182" hits="475" branch="false" />
              </lines>
            </method>
            <method name="get_BuiltInControls" signature="()" line-rate="1" branch-rate="1" complexity="1">
              <lines>
                <line number="183" hits="491" branch="false" />
              </lines>
            </method>
            <method name="get_CustomAuthenticationFactors" signature="()" line-rate="1" branch-rate="1" complexity="1">
              <lines>
                <line number="184" hits="367" branch="false" />
              </lines>
            </method>
            <method name="get_TermsOfUse" signature="()" line-rate="1" branch-rate="1" complexity="1">
              <lines>
                <line number="185" hits="367" branch="false" />
              </lines>
            </method>
          </methods>
          <lines>
            <line number="182" hits="475" branch="false" />
            <line number="183" hits="491" branch="false" />
            <line number="184" hits="367" branch="false" />
            <line number="185" hits="367" branch="false" />
          </lines>
        </class>
        <class name="ConditionalAccessExporter.Models.NormalizedLocations" filename="/home/runner/work/CA_Scanner/CA_Scanner/ConditionalAccessExporter/Models/ComparisonResult.cs" line-rate="1" branch-rate="1" complexity="2">
          <methods>
            <method name="get_IncludeLocations" signature="()" line-rate="1" branch-rate="1" complexity="1">
              <lines>
                <line number="176" hits="1" branch="false" />
              </lines>
            </method>
            <method name="get_ExcludeLocations" signature="()" line-rate="1" branch-rate="1" complexity="1">
              <lines>
                <line number="177" hits="1" branch="false" />
              </lines>
            </method>
          </methods>
          <lines>
            <line number="176" hits="1" branch="false" />
            <line number="177" hits="1" branch="false" />
          </lines>
        </class>
        <class name="ConditionalAccessExporter.Models.NormalizedPlatforms" filename="/home/runner/work/CA_Scanner/CA_Scanner/ConditionalAccessExporter/Models/ComparisonResult.cs" line-rate="1" branch-rate="1" complexity="2">
          <methods>
            <method name="get_IncludePlatforms" signature="()" line-rate="1" branch-rate="1" complexity="1">
              <lines>
                <line number="170" hits="1" branch="false" />
              </lines>
            </method>
            <method name="get_ExcludePlatforms" signature="()" line-rate="1" branch-rate="1" complexity="1">
              <lines>
                <line number="171" hits="1" branch="false" />
              </lines>
            </method>
          </methods>
          <lines>
            <line number="170" hits="1" branch="false" />
            <line number="171" hits="1" branch="false" />
          </lines>
        </class>
        <class name="ConditionalAccessExporter.Models.NormalizedPolicy" filename="/home/runner/work/CA_Scanner/CA_Scanner/ConditionalAccessExporter/Models/ComparisonResult.cs" line-rate="1" branch-rate="1" complexity="9">
          <methods>
            <method name="get_Id" signature="()" line-rate="1" branch-rate="1" complexity="1">
              <lines>
                <line number="129" hits="700" branch="false" />
              </lines>
            </method>
            <method name="get_DisplayName" signature="()" line-rate="1" branch-rate="1" complexity="1">
              <lines>
                <line number="130" hits="3385" branch="false" />
              </lines>
            </method>
            <method name="get_State" signature="()" line-rate="1" branch-rate="1" complexity="1">
              <lines>
                <line number="131" hits="914" branch="false" />
              </lines>
            </method>
            <method name="get_SourceFormat" signature="()" line-rate="1" branch-rate="1" complexity="1">
              <lines>
                <line number="132" hits="722" branch="false" />
              </lines>
            </method>
            <method name="get_SourceFile" signature="()" line-rate="1" branch-rate="1" complexity="1">
              <lines>
                <line number="133" hits="885" branch="false" />
              </lines>
            </method>
            <method name="get_OriginalPolicy" signature="()" line-rate="1" branch-rate="1" complexity="1">
              <lines>
                <line number="134" hits="219" branch="false" />
              </lines>
            </method>
            <method name="get_NormalizedConditions" signature="()" line-rate="1" branch-rate="1" complexity="1">
              <lines>
                <line number="135" hits="651" branch="false" />
              </lines>
            </method>
            <method name="get_NormalizedGrantControls" signature="()" line-rate="1" branch-rate="1" complexity="1">
              <lines>
                <line number="136" hits="643" branch="false" />
              </lines>
            </method>
            <method name="get_NormalizedSessionControls" signature="()" line-rate="1" branch-rate="1" complexity="1">
              <lines>
                <line number="137" hits="219" branch="false" />
              </lines>
            </method>
          </methods>
          <lines>
            <line number="129" hits="700" branch="false" />
            <line number="130" hits="3385" branch="false" />
            <line number="131" hits="914" branch="false" />
            <line number="132" hits="722" branch="false" />
            <line number="133" hits="885" branch="false" />
            <line number="134" hits="219" branch="false" />
            <line number="135" hits="651" branch="false" />
            <line number="136" hits="643" branch="false" />
            <line number="137" hits="219" branch="false" />
          </lines>
        </class>
        <class name="ConditionalAccessExporter.Models.NormalizedUsers" filename="/home/runner/work/CA_Scanner/CA_Scanner/ConditionalAccessExporter/Models/ComparisonResult.cs" line-rate="1" branch-rate="1" complexity="6">
          <methods>
            <method name="get_IncludeUsers" signature="()" line-rate="1" branch-rate="1" complexity="1">
              <lines>
                <line number="160" hits="493" branch="false" />
              </lines>
            </method>
            <method name="get_ExcludeUsers" signature="()" line-rate="1" branch-rate="1" complexity="1">
              <lines>
                <line number="161" hits="367" branch="false" />
              </lines>
            </method>
            <method name="get_IncludeGroups" signature="()" line-rate="1" branch-rate="1" complexity="1">
              <lines>
                <line number="162" hits="365" branch="false" />
              </lines>
            </method>
            <method name="get_ExcludeGroups" signature="()" line-rate="1" branch-rate="1" complexity="1">
              <lines>
                <line number="163" hits="365" branch="false" />
              </lines>
            </method>
            <method name="get_IncludeRoles" signature="()" line-rate="1" branch-rate="1" complexity="1">
              <lines>
                <line number="164" hits="365" branch="false" />
              </lines>
            </method>
            <method name="get_ExcludeRoles" signature="()" line-rate="1" branch-rate="1" complexity="1">
              <lines>
                <line number="165" hits="365" branch="false" />
              </lines>
            </method>
          </methods>
          <lines>
            <line number="160" hits="493" branch="false" />
            <line number="161" hits="367" branch="false" />
            <line number="162" hits="365" branch="false" />
            <line number="163" hits="365" branch="false" />
            <line number="164" hits="365" branch="false" />
            <line number="165" hits="365" branch="false" />
          </lines>
        </class>
        <class name="ConditionalAccessExporter.Models.PolicyComparison" filename="/home/runner/work/CA_Scanner/CA_Scanner/ConditionalAccessExporter/Models/ComparisonResult.cs" line-rate="1" branch-rate="1" complexity="7">
          <methods>
            <method name="get_PolicyId" signature="()" line-rate="1" branch-rate="1" complexity="1">
              <lines>
                <line number="26" hits="178" branch="false" />
              </lines>
            </method>
            <method name="get_PolicyName" signature="()" line-rate="1" branch-rate="1" complexity="1">
              <lines>
                <line number="27" hits="210" branch="false" />
              </lines>
            </method>
            <method name="get_Status" signature="()" line-rate="1" branch-rate="1" complexity="1">
              <lines>
                <line number="28" hits="189" branch="false" />
              </lines>
            </method>
            <method name="get_ReferenceFileName" signature="()" line-rate="1" branch-rate="1" complexity="1">
              <lines>
                <line number="29" hits="125" branch="false" />
              </lines>
            </method>
            <method name="get_EntraPolicy" signature="()" line-rate="1" branch-rate="1" complexity="1">
              <lines>
                <line number="30" hits="43" branch="false" />
              </lines>
            </method>
            <method name="get_ReferencePolicy" signature="()" line-rate="1" branch-rate="1" complexity="1">
              <lines>
                <line number="31" hits="36" branch="false" />
              </lines>
            </method>
            <method name="get_Differences" signature="()" line-rate="1" branch-rate="1" complexity="1">
              <lines>
                <line number="32" hits="62" branch="false" />
              </lines>
            </method>
          </methods>
          <lines>
            <line number="26" hits="178" branch="false" />
            <line number="27" hits="210" branch="false" />
            <line number="28" hits="189" branch="false" />
            <line number="29" hits="125" branch="false" />
            <line number="30" hits="43" branch="false" />
            <line number="31" hits="36" branch="false" />
            <line number="32" hits="62" branch="false" />
          </lines>
        </class>
        <class name="ConditionalAccessExporter.Models.SemanticAnalysisResult" filename="/home/runner/work/CA_Scanner/CA_Scanner/ConditionalAccessExporter/Models/ComparisonResult.cs" line-rate="1" branch-rate="1" complexity="5">
          <methods>
            <method name="get_IsIdentical" signature="()" line-rate="1" branch-rate="1" complexity="1">
              <lines>
                <line number="195" hits="158" branch="false" />
              </lines>
            </method>
            <method name="get_IsSemanticallyEquivalent" signature="()" line-rate="1" branch-rate="1" complexity="1">
              <lines>
                <line number="196" hits="102" branch="false" />
              </lines>
            </method>
            <method name="get_Differences" signature="()" line-rate="1" branch-rate="1" complexity="1">
              <lines>
                <line number="197" hits="249" branch="false" />
              </lines>
            </method>
            <method name="get_SimilarityScore" signature="()" line-rate="1" branch-rate="1" complexity="1">
              <lines>
                <line number="198" hits="22" branch="false" />
              </lines>
            </method>
            <method name="get_SemanticInsights" signature="()" line-rate="1" branch-rate="1" complexity="1">
              <lines>
                <line number="199" hits="113" branch="false" />
              </lines>
            </method>
          </methods>
          <lines>
            <line number="195" hits="158" branch="false" />
            <line number="196" hits="102" branch="false" />
            <line number="197" hits="249" branch="false" />
            <line number="198" hits="22" branch="false" />
            <line number="199" hits="113" branch="false" />
          </lines>
        </class>
        <class name="ConditionalAccessExporter.Models.TerraformApplicationEnforcedRestrictions" filename="/home/runner/work/CA_Scanner/CA_Scanner/ConditionalAccessExporter/Models/TerraformModels.cs" line-rate="1" branch-rate="1" complexity="1">
          <methods>
            <method name="get_IsEnabled" signature="()" line-rate="1" branch-rate="1" complexity="1">
              <lines>
                <line number="101" hits="2" branch="false" />
              </lines>
            </method>
          </methods>
          <lines>
            <line number="101" hits="2" branch="false" />
          </lines>
        </class>
        <class name="ConditionalAccessExporter.Models.TerraformApplications" filename="/home/runner/work/CA_Scanner/CA_Scanner/ConditionalAccessExporter/Models/TerraformModels.cs" line-rate="1" branch-rate="1" complexity="4">
          <methods>
            <method name="get_IncludeApplications" signature="()" line-rate="1" branch-rate="1" complexity="1">
              <lines>
                <line number="42" hits="186" branch="false" />
              </lines>
            </method>
            <method name="get_ExcludeApplications" signature="()" line-rate="1" branch-rate="1" complexity="1">
              <lines>
                <line number="43" hits="185" branch="false" />
              </lines>
            </method>
            <method name="get_IncludeUserActions" signature="()" line-rate="1" branch-rate="1" complexity="1">
              <lines>
                <line number="44" hits="182" branch="false" />
              </lines>
            </method>
            <method name="get_IncludeAuthenticationContextClassReferences" signature="()" line-rate="1" branch-rate="1" complexity="1">
              <lines>
                <line number="45" hits="7" branch="false" />
              </lines>
            </method>
          </methods>
          <lines>
            <line number="42" hits="186" branch="false" />
            <line number="43" hits="185" branch="false" />
            <line number="44" hits="182" branch="false" />
            <line number="45" hits="7" branch="false" />
          </lines>
        </class>
        <class name="ConditionalAccessExporter.Models.TerraformAuthenticationStrength" filename="/home/runner/work/CA_Scanner/CA_Scanner/ConditionalAccessExporter/Models/TerraformModels.cs" line-rate="1" branch-rate="1" complexity="2">
          <methods>
            <method name="get_Id" signature="()" line-rate="1" branch-rate="1" complexity="1">
              <lines>
                <line number="87" hits="2" branch="false" />
              </lines>
            </method>
            <method name="get_DisplayName" signature="()" line-rate="1" branch-rate="1" complexity="1">
              <lines>
                <line number="88" hits="2" branch="false" />
              </lines>
            </method>
          </methods>
          <lines>
            <line number="87" hits="2" branch="false" />
            <line number="88" hits="2" branch="false" />
          </lines>
        </class>
        <class name="ConditionalAccessExporter.Models.TerraformClientApplications" filename="/home/runner/work/CA_Scanner/CA_Scanner/ConditionalAccessExporter/Models/TerraformModels.cs" line-rate="1" branch-rate="1" complexity="2">
          <methods>
            <method name="get_IncludeServicePrincipals" signature="()" line-rate="1" branch-rate="1" complexity="1">
              <lines>
                <line number="72" hits="2" branch="false" />
              </lines>
            </method>
            <method name="get_ExcludeServicePrincipals" signature="()" line-rate="1" branch-rate="1" complexity="1">
              <lines>
                <line number="73" hits="2" branch="false" />
              </lines>
            </method>
          </methods>
          <lines>
            <line number="72" hits="2" branch="false" />
            <line number="73" hits="2" branch="false" />
          </lines>
        </class>
        <class name="ConditionalAccessExporter.Models.TerraformCloudAppSecurity" filename="/home/runner/work/CA_Scanner/CA_Scanner/ConditionalAccessExporter/Models/TerraformModels.cs" line-rate="1" branch-rate="1" complexity="2">
          <methods>
            <method name="get_IsEnabled" signature="()" line-rate="1" branch-rate="1" complexity="1">
              <lines>
                <line number="106" hits="2" branch="false" />
              </lines>
            </method>
            <method name="get_CloudAppSecurityType" signature="()" line-rate="1" branch-rate="1" complexity="1">
              <lines>
                <line number="107" hits="2" branch="false" />
              </lines>
            </method>
          </methods>
          <lines>
            <line number="106" hits="2" branch="false" />
            <line number="107" hits="2" branch="false" />
          </lines>
        </class>
        <class name="ConditionalAccessExporter.Models.TerraformConditionalAccessPolicy" filename="/home/runner/work/CA_Scanner/CA_Scanner/ConditionalAccessExporter/Models/TerraformModels.cs" line-rate="1" branch-rate="1" complexity="7">
          <methods>
            <method name="get_ResourceName" signature="()" line-rate="1" branch-rate="1" complexity="1">
              <lines>
                <line number="19" hits="514" branch="false" />
              </lines>
            </method>
            <method name="get_DisplayName" signature="()" line-rate="1" branch-rate="1" complexity="1">
              <lines>
                <line number="20" hits="420" branch="false" />
              </lines>
            </method>
            <method name="get_State" signature="()" line-rate="1" branch-rate="1" complexity="1">
              <lines>
                <line number="21" hits="252" branch="false" />
              </lines>
            </method>
            <method name="get_Conditions" signature="()" line-rate="1" branch-rate="1" complexity="1">
              <lines>
                <line number="22" hits="228" branch="false" />
              </lines>
            </method>
            <method name="get_GrantControls" signature="()" line-rate="1" branch-rate="1" complexity="1">
              <lines>
                <line number="23" hits="211" branch="false" />
              </lines>
            </method>
            <method name="get_SessionControls" signature="()" line-rate="1" branch-rate="1" complexity="1">
              <lines>
                <line number="24" hits="119" branch="false" />
              </lines>
            </method>
            <method name="get_RawAttributes" signature="()" line-rate="1" branch-rate="1" complexity="1">
              <lines>
                <line number="25" hits="134" branch="false" />
              </lines>
            </method>
          </methods>
          <lines>
            <line number="19" hits="514" branch="false" />
            <line number="20" hits="420" branch="false" />
            <line number="21" hits="252" branch="false" />
            <line number="22" hits="228" branch="false" />
            <line number="23" hits="211" branch="false" />
            <line number="24" hits="119" branch="false" />
            <line number="25" hits="134" branch="false" />
          </lines>
        </class>
        <class name="ConditionalAccessExporter.Models.TerraformConditions" filename="/home/runner/work/CA_Scanner/CA_Scanner/ConditionalAccessExporter/Models/TerraformModels.cs" line-rate="1" branch-rate="1" complexity="8">
          <methods>
            <method name="get_Applications" signature="()" line-rate="1" branch-rate="1" complexity="1">
              <lines>
                <line number="30" hits="195" branch="false" />
              </lines>
            </method>
            <method name="get_Users" signature="()" line-rate="1" branch-rate="1" complexity="1">
              <lines>
                <line number="31" hits="192" branch="false" />
              </lines>
            </method>
            <method name="get_ClientAppTypes" signature="()" line-rate="1" branch-rate="1" complexity="1">
              <lines>
                <line number="32" hits="192" branch="false" />
              </lines>
            </method>
            <method name="get_Platforms" signature="()" line-rate="1" branch-rate="1" complexity="1">
              <lines>
                <line number="33" hits="101" branch="false" />
              </lines>
            </method>
            <method name="get_Locations" signature="()" line-rate="1" branch-rate="1" complexity="1">
              <lines>
                <line number="34" hits="101" branch="false" />
              </lines>
            </method>
            <method name="get_SignInRiskLevels" signature="()" line-rate="1" branch-rate="1" complexity="1">
              <lines>
                <line number="35" hits="191" branch="false" />
              </lines>
            </method>
            <method name="get_UserRiskLevels" signature="()" line-rate="1" branch-rate="1" complexity="1">
              <lines>
                <line number="36" hits="191" branch="false" />
              </lines>
            </method>
            <method name="get_ClientApplications" signature="()" line-rate="1" branch-rate="1" complexity="1">
              <lines>
                <line number="37" hits="14" branch="false" />
              </lines>
            </method>
          </methods>
          <lines>
            <line number="30" hits="195" branch="false" />
            <line number="31" hits="192" branch="false" />
            <line number="32" hits="192" branch="false" />
            <line number="33" hits="101" branch="false" />
            <line number="34" hits="101" branch="false" />
            <line number="35" hits="191" branch="false" />
            <line number="36" hits="191" branch="false" />
            <line number="37" hits="14" branch="false" />
          </lines>
        </class>
        <class name="ConditionalAccessExporter.Models.TerraformConversionResult" filename="/home/runner/work/CA_Scanner/CA_Scanner/ConditionalAccessExporter/Models/TerraformModels.cs" line-rate="1" branch-rate="1" complexity="8">
          <methods>
            <method name="get_ConvertedAt" signature="()" line-rate="1" branch-rate="1" complexity="1">
              <lines>
                <line number="148" hits="29" branch="false" />
              </lines>
            </method>
            <method name="get_SourcePath" signature="()" line-rate="1" branch-rate="1" complexity="1">
              <lines>
                <line number="149" hits="56" branch="false" />
              </lines>
            </method>
            <method name="get_ConvertedPolicies" signature="()" line-rate="1" branch-rate="1" complexity="1">
              <lines>
                <line number="150" hits="78" branch="false" />
              </lines>
            </method>
            <method name="get_ConversionLog" signature="()" line-rate="1" branch-rate="1" complexity="1">
              <lines>
                <line number="151" hits="58" branch="false" />
              </lines>
            </method>
            <method name="get_Errors" signature="()" line-rate="1" branch-rate="1" complexity="1">
              <lines>
                <line number="152" hits="59" branch="false" />
              </lines>
            </method>
            <method name="get_Warnings" signature="()" line-rate="1" branch-rate="1" complexity="1">
              <lines>
                <line number="153" hits="58" branch="false" />
              </lines>
            </method>
            <method name="get_SuccessfulConversions" signature="()" line-rate="1" branch-rate="1" complexity="1">
              <lines>
                <line number="154" hits="53" branch="false" />
              </lines>
            </method>
            <method name="get_FailedConversions" signature="()" line-rate="1" branch-rate="1" complexity="1">
              <lines>
                <line number="155" hits="35" branch="false" />
              </lines>
            </method>
          </methods>
          <lines>
            <line number="148" hits="29" branch="false" />
            <line number="149" hits="56" branch="false" />
            <line number="150" hits="78" branch="false" />
            <line number="151" hits="58" branch="false" />
            <line number="152" hits="59" branch="false" />
            <line number="153" hits="58" branch="false" />
            <line number="154" hits="53" branch="false" />
            <line number="155" hits="35" branch="false" />
          </lines>
        </class>
        <class name="ConditionalAccessExporter.Models.TerraformDataSource" filename="/home/runner/work/CA_Scanner/CA_Scanner/ConditionalAccessExporter/Models/TerraformModels.cs" line-rate="0" branch-rate="1" complexity="3">
          <methods>
            <method name="get_Type" signature="()" line-rate="0" branch-rate="1" complexity="1">
              <lines>
                <line number="141" hits="0" branch="false" />
              </lines>
            </method>
            <method name="get_Name" signature="()" line-rate="0" branch-rate="1" complexity="1">
              <lines>
                <line number="142" hits="0" branch="false" />
              </lines>
            </method>
            <method name="get_Attributes" signature="()" line-rate="0" branch-rate="1" complexity="1">
              <lines>
                <line number="143" hits="0" branch="false" />
              </lines>
            </method>
          </methods>
          <lines>
            <line number="141" hits="0" branch="false" />
            <line number="142" hits="0" branch="false" />
            <line number="143" hits="0" branch="false" />
          </lines>
        </class>
        <class name="ConditionalAccessExporter.Models.TerraformGrantControls" filename="/home/runner/work/CA_Scanner/CA_Scanner/ConditionalAccessExporter/Models/TerraformModels.cs" line-rate="1" branch-rate="1" complexity="5">
          <methods>
            <method name="get_Operator" signature="()" line-rate="1" branch-rate="1" complexity="1">
              <lines>
                <line number="78" hits="181" branch="false" />
              </lines>
            </method>
            <method name="get_BuiltInControls" signature="()" line-rate="1" branch-rate="1" complexity="1">
              <lines>
                <line number="79" hits="182" branch="false" />
              </lines>
            </method>
            <method name="get_CustomAuthenticationFactors" signature="()" line-rate="1" branch-rate="1" complexity="1">
              <lines>
                <line number="80" hits="178" branch="false" />
              </lines>
            </method>
            <method name="get_TermsOfUse" signature="()" line-rate="1" branch-rate="1" complexity="1">
              <lines>
                <line number="81" hits="178" branch="false" />
              </lines>
            </method>
            <method name="get_AuthenticationStrength" signature="()" line-rate="1" branch-rate="1" complexity="1">
              <lines>
                <line number="82" hits="6" branch="false" />
              </lines>
            </method>
          </methods>
          <lines>
            <line number="78" hits="181" branch="false" />
            <line number="79" hits="182" branch="false" />
            <line number="80" hits="178" branch="false" />
            <line number="81" hits="178" branch="false" />
            <line number="82" hits="6" branch="false" />
          </lines>
        </class>
        <class name="ConditionalAccessExporter.Models.TerraformLocal" filename="/home/runner/work/CA_Scanner/CA_Scanner/ConditionalAccessExporter/Models/TerraformModels.cs" line-rate="1" branch-rate="1" complexity="2">
          <methods>
            <method name="get_Name" signature="()" line-rate="1" branch-rate="1" complexity="1">
              <lines>
                <line number="135" hits="22" branch="false" />
              </lines>
            </method>
            <method name="get_Value" signature="()" line-rate="1" branch-rate="1" complexity="1">
              <lines>
                <line number="136" hits="8" branch="false" />
              </lines>
            </method>
          </methods>
          <lines>
            <line number="135" hits="22" branch="false" />
            <line number="136" hits="8" branch="false" />
          </lines>
        </class>
        <class name="ConditionalAccessExporter.Models.TerraformLocations" filename="/home/runner/work/CA_Scanner/CA_Scanner/ConditionalAccessExporter/Models/TerraformModels.cs" line-rate="1" branch-rate="1" complexity="2">
          <methods>
            <method name="get_IncludeLocations" signature="()" line-rate="1" branch-rate="1" complexity="1">
              <lines>
                <line number="66" hits="8" branch="false" />
              </lines>
            </method>
            <method name="get_ExcludeLocations" signature="()" line-rate="1" branch-rate="1" complexity="1">
              <lines>
                <line number="67" hits="8" branch="false" />
              </lines>
            </method>
          </methods>
          <lines>
            <line number="66" hits="8" branch="false" />
            <line number="67" hits="8" branch="false" />
          </lines>
        </class>
        <class name="ConditionalAccessExporter.Models.TerraformOutputOptions" filename="/home/runner/work/CA_Scanner/CA_Scanner/ConditionalAccessExporter/Models/TerraformModels.cs" line-rate="1" branch-rate="1" complexity="7">
          <methods>
            <method name="get_GenerateVariables" signature="()" line-rate="1" branch-rate="1" complexity="1">
              <lines>
                <line number="292" hits="58" branch="false" />
              </lines>
            </method>
            <method name="get_GenerateProviderConfig" signature="()" line-rate="1" branch-rate="1" complexity="1">
              <lines>
                <line number="293" hits="58" branch="false" />
              </lines>
            </method>
            <method name="get_GenerateModuleStructure" signature="()" line-rate="1" branch-rate="1" complexity="1">
              <lines>
                <line number="294" hits="53" branch="false" />
              </lines>
            </method>
            <method name="get_SeparateFilePerPolicy" signature="()" line-rate="1" branch-rate="1" complexity="1">
              <lines>
                <line number="295" hits="54" branch="false" />
              </lines>
            </method>
            <method name="get_IncludeComments" signature="()" line-rate="1" branch-rate="1" complexity="1">
              <lines>
                <line number="296" hits="102" branch="false" />
              </lines>
            </method>
            <method name="get_OutputDirectory" signature="()" line-rate="1" branch-rate="1" complexity="1">
              <lines>
                <line number="297" hits="52" branch="false" />
              </lines>
            </method>
            <method name="get_ProviderVersion" signature="()" line-rate="1" branch-rate="1" complexity="1">
              <lines>
                <line number="298" hits="47" branch="false" />
              </lines>
            </method>
          </methods>
          <lines>
            <line number="292" hits="58" branch="false" />
            <line number="293" hits="58" branch="false" />
            <line number="294" hits="53" branch="false" />
            <line number="295" hits="54" branch="false" />
            <line number="296" hits="102" branch="false" />
            <line number="297" hits="52" branch="false" />
            <line number="298" hits="47" branch="false" />
          </lines>
        </class>
        <class name="ConditionalAccessExporter.Models.TerraformParseResult" filename="/home/runner/work/CA_Scanner/CA_Scanner/ConditionalAccessExporter/Models/TerraformModels.cs" line-rate="1" branch-rate="1" complexity="8">
          <methods>
            <method name="get_ParsedAt" signature="()" line-rate="1" branch-rate="1" complexity="1">
              <lines>
                <line number="7" hits="158" branch="false" />
              </lines>
            </method>
            <method name="get_SourcePath" signature="()" line-rate="1" branch-rate="1" complexity="1">
              <lines>
                <line number="8" hits="428" branch="false" />
              </lines>
            </method>
            <method name="get_Policies" signature="()" line-rate="1" branch-rate="1" complexity="1">
              <lines>
                <line number="9" hits="639" branch="false" />
              </lines>
            </method>
            <method name="get_Variables" signature="()" line-rate="1" branch-rate="1" complexity="1">
              <lines>
                <line number="10" hits="437" branch="false" />
              </lines>
            </method>
            <method name="get_Locals" signature="()" line-rate="1" branch-rate="1" complexity="1">
              <lines>
                <line number="11" hits="433" branch="false" />
              </lines>
            </method>
            <method name="get_DataSources" signature="()" line-rate="1" branch-rate="1" complexity="1">
              <lines>
                <line number="12" hits="424" branch="false" />
              </lines>
            </method>
            <method name="get_Errors" signature="()" line-rate="1" branch-rate="1" complexity="1">
              <lines>
                <line number="13" hits="587" branch="false" />
              </lines>
            </method>
            <method name="get_Warnings" signature="()" line-rate="1" branch-rate="1" complexity="1">
              <lines>
                <line number="14" hits="525" branch="false" />
              </lines>
            </method>
          </methods>
          <lines>
            <line number="7" hits="158" branch="false" />
            <line number="8" hits="428" branch="false" />
            <line number="9" hits="639" branch="false" />
            <line number="10" hits="437" branch="false" />
            <line number="11" hits="433" branch="false" />
            <line number="12" hits="424" branch="false" />
            <line number="13" hits="587" branch="false" />
            <line number="14" hits="525" branch="false" />
          </lines>
        </class>
        <class name="ConditionalAccessExporter.Models.TerraformPersistentBrowser" filename="/home/runner/work/CA_Scanner/CA_Scanner/ConditionalAccessExporter/Models/TerraformModels.cs" line-rate="1" branch-rate="1" complexity="2">
          <methods>
            <method name="get_IsEnabled" signature="()" line-rate="1" branch-rate="1" complexity="1">
              <lines>
                <line number="112" hits="2" branch="false" />
              </lines>
            </method>
            <method name="get_Mode" signature="()" line-rate="1" branch-rate="1" complexity="1">
              <lines>
                <line number="113" hits="2" branch="false" />
              </lines>
            </method>
          </methods>
          <lines>
            <line number="112" hits="2" branch="false" />
            <line number="113" hits="2" branch="false" />
          </lines>
        </class>
        <class name="ConditionalAccessExporter.Models.TerraformPlatforms" filename="/home/runner/work/CA_Scanner/CA_Scanner/ConditionalAccessExporter/Models/TerraformModels.cs" line-rate="1" branch-rate="1" complexity="2">
          <methods>
            <method name="get_IncludePlatforms" signature="()" line-rate="1" branch-rate="1" complexity="1">
              <lines>
                <line number="60" hits="8" branch="false" />
              </lines>
            </method>
[...]
            <line number="386" hits="90" branch="false" />
            <line number="387" hits="90" branch="false" />
            <line number="388" hits="90" branch="false" />
            <line number="389" hits="90" branch="false" />
            <line number="390" hits="90" branch="false" />
            <line number="393" hits="0" branch="false" />
            <line number="394" hits="0" branch="true" condition-coverage="0% (0/24)" />
            <line number="395" hits="0" branch="false" />
            <line number="396" hits="0" branch="false" />
            <line number="397" hits="0" branch="false" />
            <line number="398" hits="0" branch="false" />
            <line number="399" hits="0" branch="false" />
            <line number="400" hits="0" branch="false" />
            <line number="403" hits="1" branch="false" />
            <line number="404" hits="1" branch="false" />
            <line number="405" hits="1" branch="false" />
            <line number="406" hits="1" branch="false" />
            <line number="407" hits="1" branch="false" />
            <line number="408" hits="1" branch="false" />
            <line number="409" hits="1" branch="false" />
            <line number="410" hits="1" branch="false" />
            <line number="413" hits="88" branch="false" />
            <line number="414" hits="88" branch="false" />
            <line number="415" hits="88" branch="false" />
            <line number="416" hits="88" branch="false" />
            <line number="417" hits="88" branch="false" />
            <line number="418" hits="88" branch="false" />
            <line number="419" hits="88" branch="false" />
            <line number="420" hits="88" branch="false" />
            <line number="421" hits="88" branch="false" />
            <line number="422" hits="88" branch="false" />
            <line number="423" hits="88" branch="false" />
            <line number="426" hits="0" branch="false" />
            <line number="427" hits="0" branch="true" condition-coverage="0% (0/48)" />
            <line number="428" hits="0" branch="false" />
            <line number="429" hits="0" branch="false" />
            <line number="430" hits="0" branch="false" />
            <line number="431" hits="0" branch="false" />
            <line number="432" hits="0" branch="false" />
            <line number="433" hits="0" branch="false" />
            <line number="434" hits="0" branch="false" />
            <line number="435" hits="0" branch="false" />
            <line number="436" hits="0" branch="false" />
            <line number="439" hits="1" branch="false" />
            <line number="440" hits="1" branch="false" />
            <line number="441" hits="1" branch="false" />
            <line number="442" hits="1" branch="false" />
            <line number="443" hits="1" branch="false" />
            <line number="444" hits="1" branch="false" />
            <line number="445" hits="1" branch="false" />
            <line number="446" hits="1" branch="false" />
            <line number="447" hits="1" branch="false" />
            <line number="448" hits="1" branch="false" />
            <line number="449" hits="1" branch="false" />
            <line number="452" hits="87" branch="false" />
            <line number="453" hits="87" branch="false" />
            <line number="454" hits="87" branch="false" />
            <line number="455" hits="87" branch="false" />
            <line number="456" hits="87" branch="false" />
            <line number="457" hits="87" branch="false" />
            <line number="458" hits="87" branch="false" />
            <line number="459" hits="87" branch="false" />
            <line number="460" hits="87" branch="false" />
            <line number="463" hits="0" branch="false" />
            <line number="464" hits="0" branch="true" condition-coverage="0% (0/30)" />
            <line number="465" hits="0" branch="false" />
            <line number="466" hits="0" branch="false" />
            <line number="467" hits="0" branch="false" />
            <line number="468" hits="0" branch="false" />
            <line number="469" hits="0" branch="false" />
            <line number="470" hits="0" branch="false" />
            <line number="471" hits="0" branch="false" />
            <line number="474" hits="1" branch="false" />
            <line number="475" hits="1" branch="true" condition-coverage="50% (1/2)" />
            <line number="476" hits="1" branch="false" />
            <line number="477" hits="1" branch="false" />
            <line number="478" hits="1" branch="false" />
            <line number="479" hits="1" branch="false" />
            <line number="480" hits="1" branch="false" />
            <line number="481" hits="1" branch="false" />
            <line number="482" hits="1" branch="false" />
            <line number="485" hits="1" branch="false" />
            <line number="487" hits="1" branch="false" />
            <line number="488" hits="1" branch="false" />
            <line number="491" hits="0" branch="false" />
            <line number="492" hits="0" branch="false" />
            <line number="493" hits="0" branch="false" />
            <line number="496" hits="0" branch="false" />
            <line number="497" hits="0" branch="false" />
            <line number="498" hits="0" branch="false" />
            <line number="501" hits="4" branch="false" />
            <line number="502" hits="4" branch="false" />
            <line number="503" hits="4" branch="false" />
            <line number="504" hits="4" branch="false" />
            <line number="505" hits="4" branch="false" />
            <line number="506" hits="4" branch="false" />
            <line number="507" hits="4" branch="false" />
            <line number="508" hits="4" branch="false" />
            <line number="509" hits="4" branch="false" />
            <line number="510" hits="4" branch="false" />
            <line number="513" hits="4" branch="false" />
            <line number="515" hits="4" branch="false" />
            <line number="516" hits="4" branch="false" />
            <line number="517" hits="4" branch="true" condition-coverage="100% (2/2)" />
            <line number="518" hits="1" branch="false" />
            <line number="519" hits="1" branch="false" />
            <line number="523" hits="3" branch="false" />
            <line number="524" hits="3" branch="false" />
            <line number="525" hits="3" branch="true" condition-coverage="100% (2/2)" />
            <line number="526" hits="1" branch="false" />
            <line number="527" hits="1" branch="false" />
            <line number="529" hits="1" branch="false" />
            <line number="530" hits="2" branch="false" />
            <line number="531" hits="2" branch="false" />
            <line number="532" hits="1" branch="false" />
            <line number="533" hits="1" branch="false" />
            <line number="537" hits="2" branch="false" />
            <line number="538" hits="2" branch="false" />
            <line number="539" hits="2" branch="true" condition-coverage="50% (1/2)" />
            <line number="540" hits="0" branch="false" />
            <line number="541" hits="0" branch="false" />
            <line number="542" hits="0" branch="true" condition-coverage="0% (0/2)" />
            <line number="543" hits="0" branch="false" />
            <line number="544" hits="0" branch="true" condition-coverage="0% (0/2)" />
            <line number="545" hits="0" branch="false" />
            <line number="546" hits="0" branch="false" />
            <line number="549" hits="2" branch="false" />
            <line number="550" hits="4" branch="false" />
            <line number="553" hits="2" branch="false" />
            <line number="554" hits="2" branch="false" />
            <line number="557" hits="2" branch="false" />
            <line number="558" hits="2" branch="false" />
            <line number="560" hits="9" branch="true" condition-coverage="100% (2/2)" />
            <line number="561" hits="7" branch="false" />
            <line number="562" hits="7" branch="false" />
            <line number="563" hits="7" branch="true" condition-coverage="100% (6/6)" />
            <line number="564" hits="2" branch="false" />
            <line number="565" hits="2" branch="false" />
            <line number="566" hits="2" branch="false" />
            <line number="570" hits="5" branch="false" />
            <line number="571" hits="5" branch="true" condition-coverage="50% (1/2)" />
            <line number="572" hits="5" branch="false" />
            <line number="573" hits="5" branch="false" />
            <line number="574" hits="5" branch="false" />
            <line number="577" hits="5" branch="true" condition-coverage="100% (2/2)" />
            <line number="578" hits="1" branch="false" />
            <line number="579" hits="1" branch="false" />
            <line number="580" hits="1" branch="false" />
            <line number="581" hits="1" branch="false" />
            <line number="583" hits="4" branch="true" condition-coverage="75% (3/4)" />
            <line number="584" hits="3" branch="false" />
            <line number="585" hits="3" branch="false" />
            <line number="586" hits="3" branch="false" />
            <line number="588" hits="131" branch="true" condition-coverage="100% (2/2)" />
            <line number="589" hits="61" branch="false" />
            <line number="590" hits="61" branch="true" condition-coverage="50% (1/2)" />
            <line number="591" hits="62" branch="true" condition-coverage="100% (2/2)" />
            <line number="592" hits="61" branch="false" />
            <line number="593" hits="3" branch="false" />
            <line number="594" hits="3" branch="false" />
            <line number="596" hits="1" branch="false" />
            <line number="597" hits="1" branch="false" />
            <line number="598" hits="1" branch="false" />
            <line number="599" hits="1" branch="false" />
            <line number="600" hits="1" branch="false" />
            <line number="601" hits="1" branch="false" />
            <line number="603" hits="4" branch="false" />
            <line number="604" hits="4" branch="false" />
            <line number="605" hits="4" branch="false" />
            <line number="606" hits="4" branch="false" />
            <line number="607" hits="4" branch="false" />
            <line number="608" hits="4" branch="false" />
            <line number="609" hits="4" branch="false" />
            <line number="610" hits="4" branch="false" />
            <line number="611" hits="5" branch="false" />
            <line number="613" hits="0" branch="false" />
            <line number="614" hits="0" branch="false" />
            <line number="615" hits="0" branch="false" />
            <line number="616" hits="5" branch="false" />
            <line number="618" hits="2" branch="false" />
            <line number="619" hits="2" branch="false" />
            <line number="622" hits="1329" branch="false" />
            <line number="623" hits="1329" branch="false" />
            <line number="624" hits="1329" branch="false" />
            <line number="626" hits="2298" branch="true" condition-coverage="100% (2/2)" />
            <line number="628" hits="360" branch="false" />
            <line number="629" hits="360" branch="false" />
            <line number="630" hits="360" branch="false" />
            <line number="631" hits="372" branch="false" />
            <line number="632" hits="360" branch="false" />
            <line number="634" hits="360" branch="true" condition-coverage="50% (1/2)" />
            <line number="635" hits="1329" branch="false" />
            <line number="638" hits="0" branch="false" />
            <line number="639" hits="0" branch="true" condition-coverage="0% (0/6)" />
            <line number="641" hits="0" branch="false" />
            <line number="642" hits="0" branch="true" condition-coverage="0% (0/4)" />
            <line number="643" hits="0" branch="false" />
            <line number="644" hits="0" branch="true" condition-coverage="0% (0/4)" />
            <line number="645" hits="0" branch="false" />
            <line number="647" hits="0" branch="true" condition-coverage="0% (0/2)" />
            <line number="648" hits="0" branch="false" />
            <line number="651" hits="13" branch="false" />
            <line number="652" hits="21" branch="true" condition-coverage="100% (2/2)" />
            <line number="654" hits="5" branch="false" />
            <line number="656" hits="5" branch="true" condition-coverage="100% (2/2)" />
            <line number="657" hits="5" branch="false" />
            <line number="658" hits="25" branch="true" condition-coverage="100% (2/2)" />
            <line number="659" hits="5" branch="false" />
            <line number="660" hits="5" branch="true" condition-coverage="100% (2/2)" />
            <line number="661" hits="5" branch="false" />
            <line number="662" hits="5" branch="false" />
            <line number="663" hits="5" branch="false" />
            <line number="665" hits="5" branch="true" condition-coverage="50% (1/2)" />
            <line number="666" hits="13" branch="false" />
            <line number="669" hits="95" branch="false" />
            <line number="671" hits="95" branch="false" />
            <line number="672" hits="95" branch="false" />
            <line number="673" hits="95" branch="true" condition-coverage="100% (2/2)" />
            <line number="674" hits="90" branch="false" />
            <line number="675" hits="90" branch="false" />
            <line number="679" hits="5" branch="false" />
            <line number="680" hits="5" branch="false" />
            <line number="681" hits="5" branch="true" condition-coverage="100% (2/2)" />
            <line number="682" hits="3" branch="false" />
            <line number="683" hits="3" branch="false" />
            <line number="686" hits="2" branch="false" />
            <line number="687" hits="95" branch="false" />
            <line number="690" hits="4" branch="false" />
            <line number="691" hits="4" branch="false" />
            <line number="692" hits="4" branch="false" />
            <line number="693" hits="4" branch="true" condition-coverage="100% (2/2)" />
            <line number="694" hits="4" branch="false" />
            <line number="697" hits="105" branch="false" />
            <line number="698" hits="105" branch="false" />
            <line number="699" hits="105" branch="false" />
            <line number="700" hits="105" branch="false" />
            <line number="702" hits="519" branch="true" condition-coverage="100% (2/2)" />
            <line number="703" hits="102" branch="false" />
            <line number="704" hits="102" branch="false" />
            <line number="705" hits="102" branch="false" />
            <line number="708" hits="102" branch="false" />
            <line number="709" hits="102" branch="false" />
            <line number="711" hits="31211" branch="true" condition-coverage="100% (4/4)" />
            <line number="712" hits="31109" branch="false" />
            <line number="713" hits="31109" branch="false" />
            <line number="714" hits="31109" branch="true" condition-coverage="100% (2/2)" />
            <line number="715" hits="362" branch="false" />
            <line number="716" hits="30747" branch="true" condition-coverage="100% (2/2)" />
            <line number="717" hits="463" branch="false" />
            <line number="718" hits="31109" branch="false" />
            <line number="719" hits="31109" branch="false" />
            <line number="721" hits="102" branch="true" condition-coverage="100% (2/2)" />
            <line number="722" hits="101" branch="false" />
            <line number="723" hits="101" branch="false" />
            <line number="724" hits="101" branch="false" />
            <line number="725" hits="101" branch="false" />
            <line number="727" hits="1" branch="false" />
            <line number="728" hits="1" branch="false" />
            <line number="729" hits="1" branch="false" />
            <line number="730" hits="102" branch="false" />
            <line number="732" hits="105" branch="false" />
            <line number="733" hits="105" branch="false" />
            <line number="736" hits="105" branch="false" />
            <line number="737" hits="105" branch="false" />
            <line number="738" hits="105" branch="false" />
            <line number="739" hits="105" branch="false" />
            <line number="741" hits="323" branch="true" condition-coverage="100% (2/2)" />
            <line number="742" hits="4" branch="false" />
            <line number="743" hits="4" branch="false" />
            <line number="744" hits="4" branch="false" />
            <line number="746" hits="4" branch="false" />
            <line number="747" hits="4" branch="false" />
            <line number="749" hits="288" branch="true" condition-coverage="100% (4/4)" />
            <line number="750" hits="284" branch="false" />
            <line number="751" hits="284" branch="false" />
            <line number="752" hits="284" branch="true" condition-coverage="50% (1/2)" />
            <line number="753" hits="0" branch="false" />
            <line number="754" hits="284" branch="true" condition-coverage="100% (2/2)" />
            <line number="755" hits="4" branch="false" />
            <line number="756" hits="284" branch="false" />
            <line number="757" hits="284" branch="false" />
            <line number="759" hits="4" branch="true" condition-coverage="100% (2/2)" />
            <line number="760" hits="4" branch="false" />
            <line number="761" hits="4" branch="false" />
            <line number="762" hits="4" branch="false" />
            <line number="763" hits="4" branch="false" />
            <line number="764" hits="4" branch="false" />
            <line number="766" hits="105" branch="false" />
            <line number="767" hits="105" branch="false" />
            <line number="770" hits="105" branch="false" />
            <line number="771" hits="105" branch="false" />
            <line number="772" hits="105" branch="false" />
            <line number="773" hits="105" branch="false" />
            <line number="775" hits="319" branch="true" condition-coverage="100% (2/2)" />
            <line number="776" hits="2" branch="false" />
            <line number="777" hits="2" branch="false" />
            <line number="779" hits="2" branch="false" />
            <line number="780" hits="2" branch="false" />
            <line number="782" hits="211" branch="true" condition-coverage="100% (4/4)" />
            <line number="783" hits="209" branch="false" />
            <line number="784" hits="209" branch="false" />
            <line number="785" hits="209" branch="true" condition-coverage="100% (2/2)" />
            <line number="786" hits="1" branch="false" />
            <line number="787" hits="208" branch="true" condition-coverage="100% (2/2)" />
            <line number="788" hits="3" branch="false" />
            <line number="789" hits="209" branch="false" />
            <line number="790" hits="209" branch="false" />
            <line number="792" hits="2" branch="true" condition-coverage="100% (2/2)" />
            <line number="793" hits="2" branch="false" />
            <line number="794" hits="2" branch="false" />
            <line number="795" hits="2" branch="false" />
            <line number="796" hits="2" branch="false" />
            <line number="797" hits="2" branch="false" />
            <line number="799" hits="105" branch="false" />
            <line number="800" hits="105" branch="false" />
          </lines>
        </class>
      </classes>
    </package>
  </packages>
</coverage>