<?xml version="1.0" encoding="utf-8"?>
<!DOCTYPE coverage SYSTEM "http://cobertura.sourceforge.net/xml/coverage-04.dtd">
<coverage line-rate="0.5852369852369852" branch-rate="0.4306418219461698" lines-covered="3766" lines-valid="6435" branches-covered="1040" branches-valid="2415" complexity="2775" version="0" timestamp="1749608454">
  <sources>
    <source>/home/runner/work/CA_Scanner/CA_Scanner/ConditionalAccessExporter/</source>
  </sources>
  <packages>
    <package name="ConditionalAccessExporter" line-rate="0.5852369852369852" branch-rate="0.4306418219461698" complexity="2775">
      <classes>
        <class name="ConditionalAccessExporter.Logger" filename="/home/runner/work/CA_Scanner/CA_Scanner/ConditionalAccessExporter/Program.cs" line-rate="0.7142857142857143" branch-rate="0.3333333333333333" complexity="9">
          <methods>
            <method name="SetQuietMode" signature="(System.Boolean)" line-rate="1" branch-rate="1" complexity="1">
              <lines>
                <line number="20" hits="3" branch="false" />
                <line number="21" hits="3" branch="false" />
                <line number="22" hits="3" branch="false" />
              </lines>
            </method>
            <method name="SetVerboseMode" signature="(System.Boolean)" line-rate="1" branch-rate="1" complexity="1">
              <lines>
                <line number="25" hits="3" branch="false" />
                <line number="26" hits="3" branch="false" />
                <line number="27" hits="3" branch="false" />
              </lines>
            </method>
            <method name="WriteInfo" signature="(System.String)" line-rate="1" branch-rate="1" complexity="2">
              <lines>
                <line number="30" hits="398" branch="false" />
                <line number="31" hits="398" branch="true" condition-coverage="100% (2/2)" />
                <line number="32" hits="398" branch="false" />
                <line number="33" hits="398" branch="false" />
                <line number="34" hits="398" branch="false" />
                <line number="35" hits="398" branch="false" />
              </lines>
            </method>
            <method name="WriteError" signature="(System.String)" line-rate="1" branch-rate="1" complexity="1">
              <lines>
                <line number="38" hits="102" branch="false" />
                <line number="40" hits="102" branch="false" />
                <line number="41" hits="102" branch="false" />
              </lines>
            </method>
            <method name="WriteVerbose" signature="(System.String)" line-rate="0" branch-rate="0" complexity="4">
              <lines>
                <line number="44" hits="0" branch="false" />
                <line number="45" hits="0" branch="true" condition-coverage="0% (0/4)" />
                <line number="46" hits="0" branch="false" />
                <line number="47" hits="0" branch="false" />
                <line number="48" hits="0" branch="false" />
                <line number="49" hits="0" branch="false" />
              </lines>
            </method>
          </methods>
          <lines>
            <line number="20" hits="3" branch="false" />
            <line number="21" hits="3" branch="false" />
            <line number="22" hits="3" branch="false" />
            <line number="25" hits="3" branch="false" />
            <line number="26" hits="3" branch="false" />
            <line number="27" hits="3" branch="false" />
            <line number="30" hits="398" branch="false" />
            <line number="31" hits="398" branch="true" condition-coverage="100% (2/2)" />
            <line number="32" hits="398" branch="false" />
            <line number="33" hits="398" branch="false" />
            <line number="34" hits="398" branch="false" />
            <line number="35" hits="398" branch="false" />
            <line number="38" hits="102" branch="false" />
            <line number="40" hits="102" branch="false" />
            <line number="41" hits="102" branch="false" />
            <line number="44" hits="0" branch="false" />
            <line number="45" hits="0" branch="true" condition-coverage="0% (0/4)" />
            <line number="46" hits="0" branch="false" />
            <line number="47" hits="0" branch="false" />
            <line number="48" hits="0" branch="false" />
            <line number="49" hits="0" branch="false" />
          </lines>
        </class>
        <class name="ConditionalAccessExporter.Models.BackupInfo" filename="/home/runner/work/CA_Scanner/CA_Scanner/ConditionalAccessExporter/Models/RemediationModels.cs" line-rate="0" branch-rate="1" complexity="4">
          <methods>
            <method name="get_BackupPath" signature="()" line-rate="0" branch-rate="1" complexity="1">
              <lines>
                <line number="112" hits="0" branch="false" />
              </lines>
            </method>
            <method name="get_BackupTimestamp" signature="()" line-rate="0" branch-rate="1" complexity="1">
              <lines>
                <line number="113" hits="0" branch="false" />
              </lines>
            </method>
            <method name="get_BackupFiles" signature="()" line-rate="0" branch-rate="1" complexity="1">
              <lines>
                <line number="114" hits="0" branch="false" />
              </lines>
            </method>
            <method name="get_RollbackScriptPath" signature="()" line-rate="0" branch-rate="1" complexity="1">
              <lines>
                <line number="115" hits="0" branch="false" />
              </lines>
            </method>
          </methods>
          <lines>
            <line number="112" hits="0" branch="false" />
            <line number="113" hits="0" branch="false" />
            <line number="114" hits="0" branch="false" />
            <line number="115" hits="0" branch="false" />
          </lines>
        </class>
        <class name="ConditionalAccessExporter.Models.BaselineCreationResult" filename="/home/runner/work/CA_Scanner/CA_Scanner/ConditionalAccessExporter/Models/TemplateModels.cs" line-rate="0" branch-rate="1" complexity="4">
          <methods>
            <method name="get_Success" signature="()" line-rate="0" branch-rate="1" complexity="1">
              <lines>
                <line number="29" hits="0" branch="false" />
              </lines>
            </method>
            <method name="get_CreatedFiles" signature="()" line-rate="0" branch-rate="1" complexity="1">
              <lines>
                <line number="30" hits="0" branch="false" />
              </lines>
            </method>
            <method name="get_Errors" signature="()" line-rate="0" branch-rate="1" complexity="1">
              <lines>
                <line number="31" hits="0" branch="false" />
              </lines>
            </method>
            <method name="get_Warnings" signature="()" line-rate="0" branch-rate="1" complexity="1">
              <lines>
                <line number="32" hits="0" branch="false" />
              </lines>
            </method>
          </methods>
          <lines>
            <line number="29" hits="0" branch="false" />
            <line number="30" hits="0" branch="false" />
            <line number="31" hits="0" branch="false" />
            <line number="32" hits="0" branch="false" />
          </lines>
        </class>
        <class name="ConditionalAccessExporter.Models.CiCdOptions" filename="/home/runner/work/CA_Scanner/CA_Scanner/ConditionalAccessExporter/Models/ComparisonResult.cs" line-rate="1" branch-rate="1" complexity="6">
          <methods>
            <method name="get_ExitOnDifferences" signature="()" line-rate="1" branch-rate="1" complexity="1">
              <lines>
                <line number="213" hits="5" branch="false" />
              </lines>
            </method>
            <method name="get_MaxDifferences" signature="()" line-rate="1" branch-rate="1" complexity="1">
              <lines>
                <line number="214" hits="3" branch="false" />
              </lines>
            </method>
            <method name="get_FailOnChangeTypes" signature="()" line-rate="1" branch-rate="1" complexity="1">
              <lines>
                <line number="215" hits="10" branch="false" />
              </lines>
            </method>
            <method name="get_IgnoreChangeTypes" signature="()" line-rate="1" branch-rate="1" complexity="1">
              <lines>
                <line number="216" hits="10" branch="false" />
              </lines>
            </method>
            <method name="get_QuietMode" signature="()" line-rate="1" branch-rate="1" complexity="1">
              <lines>
                <line number="217" hits="3" branch="false" />
              </lines>
            </method>
            <method name="get_ExplainValues" signature="()" line-rate="1" branch-rate="1" complexity="1">
              <lines>
                <line number="218" hits="3" branch="false" />
              </lines>
            </method>
          </methods>
          <lines>
            <line number="213" hits="5" branch="false" />
            <line number="214" hits="3" branch="false" />
            <line number="215" hits="10" branch="false" />
            <line number="216" hits="10" branch="false" />
            <line number="217" hits="3" branch="false" />
            <line number="218" hits="3" branch="false" />
          </lines>
        </class>
        <class name="ConditionalAccessExporter.Models.ComparisonResult" filename="/home/runner/work/CA_Scanner/CA_Scanner/ConditionalAccessExporter/Models/ComparisonResult.cs" line-rate="1" branch-rate="1" complexity="5">
          <methods>
            <method name="get_ComparedAt" signature="()" line-rate="1" branch-rate="1" complexity="1">
              <lines>
                <line number="7" hits="67" branch="false" />
              </lines>
            </method>
            <method name="get_TenantId" signature="()" line-rate="1" branch-rate="1" complexity="1">
              <lines>
                <line number="8" hits="118" branch="false" />
              </lines>
            </method>
            <method name="get_ReferenceDirectory" signature="()" line-rate="1" branch-rate="1" complexity="1">
              <lines>
                <line number="9" hits="113" branch="false" />
              </lines>
            </method>
            <method name="get_Summary" signature="()" line-rate="1" branch-rate="1" complexity="1">
              <lines>
                <line number="10" hits="325" branch="false" />
              </lines>
            </method>
            <method name="get_PolicyComparisons" signature="()" line-rate="1" branch-rate="1" complexity="1">
              <lines>
                <line number="11" hits="149" branch="false" />
              </lines>
            </method>
          </methods>
          <lines>
            <line number="7" hits="67" branch="false" />
            <line number="8" hits="118" branch="false" />
            <line number="9" hits="113" branch="false" />
            <line number="10" hits="325" branch="false" />
            <line number="11" hits="149" branch="false" />
          </lines>
        </class>
        <class name="ConditionalAccessExporter.Models.ComparisonSummary" filename="/home/runner/work/CA_Scanner/CA_Scanner/ConditionalAccessExporter/Models/ComparisonResult.cs" line-rate="1" branch-rate="1" complexity="10">
          <methods>
            <method name="get_EntraOnlyPolicies" signature="()" line-rate="1" branch-rate="1" complexity="1">
              <lines>
                <line number="16" hits="71" branch="false" />
              </lines>
            </method>
            <method name="get_ReferenceOnlyPolicies" signature="()" line-rate="1" branch-rate="1" complexity="1">
              <lines>
                <line number="17" hits="56" branch="false" />
              </lines>
            </method>
            <method name="get_MatchingPolicies" signature="()" line-rate="1" branch-rate="1" complexity="1">
              <lines>
                <line number="18" hits="59" branch="false" />
              </lines>
            </method>
            <method name="get_PoliciesWithDifferences" signature="()" line-rate="1" branch-rate="1" complexity="1">
              <lines>
                <line number="19" hits="63" branch="false" />
              </lines>
            </method>
            <method name="get_TotalEntraPolicies" signature="()" line-rate="1" branch-rate="1" complexity="1">
              <lines>
                <line number="20" hits="72" branch="false" />
              </lines>
            </method>
            <method name="get_TotalReferencePolicies" signature="()" line-rate="1" branch-rate="1" complexity="1">
              <lines>
                <line number="21" hits="66" branch="false" />
              </lines>
            </method>
            <method name="get_CriticalDifferences" signature="()" line-rate="1" branch-rate="1" complexity="1">
              <lines>
                <line number="22" hits="12" branch="false" />
              </lines>
            </method>
            <method name="get_NonCriticalDifferences" signature="()" line-rate="1" branch-rate="1" complexity="1">
              <lines>
                <line number="23" hits="12" branch="false" />
              </lines>
            </method>
            <method name="get_CriticalChangeTypes" signature="()" line-rate="1" branch-rate="1" complexity="1">
              <lines>
                <line number="24" hits="71" branch="false" />
              </lines>
            </method>
            <method name="get_NonCriticalChangeTypes" signature="()" line-rate="1" branch-rate="1" complexity="1">
              <lines>
                <line number="25" hits="71" branch="false" />
              </lines>
            </method>
          </methods>
          <lines>
            <line number="16" hits="71" branch="false" />
            <line number="17" hits="56" branch="false" />
            <line number="18" hits="59" branch="false" />
            <line number="19" hits="63" branch="false" />
            <line number="20" hits="72" branch="false" />
            <line number="21" hits="66" branch="false" />
            <line number="22" hits="12" branch="false" />
            <line number="23" hits="12" branch="false" />
            <line number="24" hits="71" branch="false" />
            <line number="25" hits="71" branch="false" />
          </lines>
        </class>
        <class name="ConditionalAccessExporter.Models.CrossFormatComparisonResult" filename="/home/runner/work/CA_Scanner/CA_Scanner/ConditionalAccessExporter/Models/ComparisonResult.cs" line-rate="1" branch-rate="1" complexity="7">
          <methods>
            <method name="get_ComparedAt" signature="()" line-rate="1" branch-rate="1" complexity="1">
              <lines>
                <line number="68" hits="82" branch="false" />
              </lines>
            </method>
            <method name="get_SourceDirectory" signature="()" line-rate="1" branch-rate="1" complexity="1">
              <lines>
                <line number="69" hits="142" branch="false" />
              </lines>
            </method>
            <method name="get_ReferenceDirectory" signature="()" line-rate="1" branch-rate="1" complexity="1">
              <lines>
                <line number="70" hits="140" branch="false" />
              </lines>
            </method>
            <method name="get_SourceFormat" signature="()" line-rate="1" branch-rate="1" complexity="1">
              <lines>
                <line number="71" hits="143" branch="false" />
              </lines>
            </method>
            <method name="get_ReferenceFormat" signature="()" line-rate="1" branch-rate="1" complexity="1">
              <lines>
                <line number="72" hits="142" branch="false" />
              </lines>
            </method>
            <method name="get_Summary" signature="()" line-rate="1" branch-rate="1" complexity="1">
              <lines>
                <line number="73" hits="393" branch="false" />
              </lines>
            </method>
            <method name="get_PolicyComparisons" signature="()" line-rate="1" branch-rate="1" complexity="1">
              <lines>
                <line number="74" hits="228" branch="false" />
              </lines>
            </method>
          </methods>
          <lines>
            <line number="68" hits="82" branch="false" />
            <line number="69" hits="142" branch="false" />
            <line number="70" hits="140" branch="false" />
            <line number="71" hits="143" branch="false" />
            <line number="72" hits="142" branch="false" />
            <line number="73" hits="393" branch="false" />
            <line number="74" hits="228" branch="false" />
          </lines>
        </class>
        <class name="ConditionalAccessExporter.Models.CrossFormatComparisonSummary" filename="/home/runner/work/CA_Scanner/CA_Scanner/ConditionalAccessExporter/Models/ComparisonResult.cs" line-rate="1" branch-rate="1" complexity="7">
          <methods>
            <method name="get_SourceOnlyPolicies" signature="()" line-rate="1" branch-rate="1" complexity="1">
              <lines>
                <line number="79" hits="61" branch="false" />
              </lines>
            </method>
            <method name="get_ReferenceOnlyPolicies" signature="()" line-rate="1" branch-rate="1" complexity="1">
              <lines>
                <line number="80" hits="59" branch="false" />
              </lines>
            </method>
            <method name="get_MatchingPolicies" signature="()" line-rate="1" branch-rate="1" complexity="1">
              <lines>
                <line number="81" hits="180" branch="false" />
              </lines>
            </method>
            <method name="get_SemanticallyEquivalentPolicies" signature="()" line-rate="1" branch-rate="1" complexity="1">
              <lines>
                <line number="82" hits="39" branch="false" />
              </lines>
            </method>
            <method name="get_PoliciesWithDifferences" signature="()" line-rate="1" branch-rate="1" complexity="1">
              <lines>
                <line number="83" hits="50" branch="false" />
              </lines>
            </method>
            <method name="get_TotalSourcePolicies" signature="()" line-rate="1" branch-rate="1" complexity="1">
              <lines>
                <line number="84" hits="96" branch="false" />
              </lines>
            </method>
            <method name="get_TotalReferencePolicies" signature="()" line-rate="1" branch-rate="1" complexity="1">
              <lines>
                <line number="85" hits="90" branch="false" />
              </lines>
            </method>
          </methods>
          <lines>
            <line number="79" hits="61" branch="false" />
            <line number="80" hits="59" branch="false" />
            <line number="81" hits="180" branch="false" />
            <line number="82" hits="39" branch="false" />
            <line number="83" hits="50" branch="false" />
            <line number="84" hits="96" branch="false" />
            <line number="85" hits="90" branch="false" />
          </lines>
        </class>
        <class name="ConditionalAccessExporter.Models.CrossFormatMatchingOptions" filename="/home/runner/work/CA_Scanner/CA_Scanner/ConditionalAccessExporter/Models/ComparisonResult.cs" line-rate="1" branch-rate="1" complexity="5">
          <methods>
            <method name="get_Strategy" signature="()" line-rate="1" branch-rate="1" complexity="1">
              <lines>
                <line number="119" hits="146" branch="false" />
              </lines>
            </method>
            <method name="get_CaseSensitive" signature="()" line-rate="1" branch-rate="1" complexity="1">
              <lines>
                <line number="120" hits="124" branch="false" />
              </lines>
            </method>
            <method name="get_EnableSemanticComparison" signature="()" line-rate="1" branch-rate="1" complexity="1">
              <lines>
                <line number="121" hits="62" branch="false" />
              </lines>
            </method>
            <method name="get_SemanticSimilarityThreshold" signature="()" line-rate="1" branch-rate="1" complexity="1">
              <lines>
                <line number="122" hits="42" branch="false" />
              </lines>
            </method>
            <method name="get_CustomMappings" signature="()" line-rate="1" branch-rate="1" complexity="1">
              <lines>
                <line number="123" hits="47" branch="false" />
              </lines>
            </method>
          </methods>
          <lines>
            <line number="119" hits="146" branch="false" />
            <line number="120" hits="124" branch="false" />
            <line number="121" hits="62" branch="false" />
            <line number="122" hits="42" branch="false" />
            <line number="123" hits="47" branch="false" />
          </lines>
        </class>
        <class name="ConditionalAccessExporter.Models.CrossFormatPolicyComparison" filename="/home/runner/work/CA_Scanner/CA_Scanner/ConditionalAccessExporter/Models/ComparisonResult.cs" line-rate="1" branch-rate="1" complexity="8">
          <methods>
            <method name="get_PolicyId" signature="()" line-rate="1" branch-rate="1" complexity="1">
              <lines>
                <line number="90" hits="343" branch="false" />
              </lines>
            </method>
            <method name="get_PolicyName" signature="()" line-rate="1" branch-rate="1" complexity="1">
              <lines>
                <line number="91" hits="414" branch="false" />
              </lines>
            </method>
            <method name="get_Status" signature="()" line-rate="1" branch-rate="1" complexity="1">
              <lines>
                <line number="92" hits="439" branch="false" />
              </lines>
            </method>
            <method name="get_SourcePolicy" signature="()" line-rate="1" branch-rate="1" complexity="1">
              <lines>
                <line number="93" hits="330" branch="false" />
              </lines>
            </method>
            <method name="get_ReferencePolicy" signature="()" line-rate="1" branch-rate="1" complexity="1">
              <lines>
                <line number="94" hits="488" branch="false" />
              </lines>
            </method>
            <method name="get_SemanticAnalysis" signature="()" line-rate="1" branch-rate="1" complexity="1">
              <lines>
                <line number="95" hits="125" branch="false" />
              </lines>
            </method>
            <method name="get_Differences" signature="()" line-rate="1" branch-rate="1" complexity="1">
              <lines>
                <line number="96" hits="199" branch="false" />
              </lines>
            </method>
            <method name="get_ConversionSuggestions" signature="()" line-rate="1" branch-rate="1" complexity="1">
              <lines>
                <line number="97" hits="197" branch="false" />
              </lines>
            </method>
          </methods>
          <lines>
            <line number="90" hits="343" branch="false" />
            <line number="91" hits="414" branch="false" />
            <line number="92" hits="439" branch="false" />
            <line number="93" hits="330" branch="false" />
            <line number="94" hits="488" branch="false" />
            <line number="95" hits="125" branch="false" />
            <line number="96" hits="199" branch="false" />
            <line number="97" hits="197" branch="false" />
          </lines>
        </class>
        <class name="ConditionalAccessExporter.Models.DirectoryValidationResult" filename="/home/runner/work/CA_Scanner/CA_Scanner/ConditionalAccessExporter/Models/ComparisonResult.cs" line-rate="0.8888888888888888" branch-rate="1" complexity="9">
          <methods>
            <method name="get_IsValid" signature="()" line-rate="1" branch-rate="1" complexity="1">
              <lines>
                <line number="298" hits="81" branch="false" />
              </lines>
            </method>
            <method name="get_FileResults" signature="()" line-rate="1" branch-rate="1" complexity="1">
              <lines>
                <line number="299" hits="68" branch="false" />
              </lines>
            </method>
            <method name="get_DirectoryPath" signature="()" line-rate="1" branch-rate="1" complexity="1">
              <lines>
                <line number="300" hits="56" branch="false" />
              </lines>
            </method>
            <method name="get_TotalFiles" signature="()" line-rate="1" branch-rate="1" complexity="1">
              <lines>
                <line number="301" hits="43" branch="false" />
              </lines>
            </method>
            <method name="get_ValidFiles" signature="()" line-rate="1" branch-rate="1" complexity="1">
              <lines>
                <line number="302" hits="7" branch="false" />
              </lines>
            </method>
            <method name="get_InvalidFiles" signature="()" line-rate="1" branch-rate="1" complexity="1">
              <lines>
                <line number="303" hits="59" branch="false" />
              </lines>
            </method>
            <method name="get_FilesWithWarnings" signature="()" line-rate="0" branch-rate="1" complexity="1">
              <lines>
                <line number="304" hits="0" branch="false" />
              </lines>
            </method>
            <method name="get_ValidatedAt" signature="()" line-rate="1" branch-rate="1" complexity="1">
              <lines>
                <line number="305" hits="28" branch="false" />
              </lines>
            </method>
            <method name="get_PreflightErrors" signature="()" line-rate="1" branch-rate="1" complexity="1">
              <lines>
                <line number="306" hits="34" branch="false" />
              </lines>
            </method>
          </methods>
          <lines>
            <line number="298" hits="81" branch="false" />
            <line number="299" hits="68" branch="false" />
            <line number="300" hits="56" branch="false" />
            <line number="301" hits="43" branch="false" />
            <line number="302" hits="7" branch="false" />
            <line number="303" hits="59" branch="false" />
            <line number="304" hits="0" branch="false" />
            <line number="305" hits="28" branch="false" />
            <line number="306" hits="34" branch="false" />
          </lines>
        </class>
        <class name="ConditionalAccessExporter.Models.ImpactAnalysis" filename="/home/runner/work/CA_Scanner/CA_Scanner/ConditionalAccessExporter/Models/RemediationModels.cs" line-rate="0" branch-rate="1" complexity="8">
          <methods>
            <method name="get_EstimatedAffectedUsers" signature="()" line-rate="0" branch-rate="1" complexity="1">
              <lines>
                <line number="68" hits="0" branch="false" />
              </lines>
            </method>
            <method name="get_EstimatedAffectedSessions" signature="()" line-rate="0" branch-rate="1" complexity="1">
              <lines>
                <line number="69" hits="0" branch="false" />
              </lines>
            </method>
            <method name="get_AffectedUserGroups" signature="()" line-rate="0" branch-rate="1" complexity="1">
              <lines>
                <line number="70" hits="0" branch="false" />
              </lines>
            </method>
            <method name="get_AffectedApplications" signature="()" line-rate="0" branch-rate="1" complexity="1">
              <lines>
                <line number="71" hits="0" branch="false" />
              </lines>
            </method>
            <method name="get_PotentialAccessIssues" signature="()" line-rate="0" branch-rate="1" complexity="1">
              <lines>
                <line number="72" hits="0" branch="false" />
              </lines>
            </method>
            <method name="get_WillBlockAdminAccess" signature="()" line-rate="0" branch-rate="1" complexity="1">
              <lines>
                <line number="73" hits="0" branch="false" />
              </lines>
            </method>
            <method name="get_WillRequireAdditionalAuthentication" signature="()" line-rate="0" branch-rate="1" complexity="1">
              <lines>
                <line number="74" hits="0" branch="false" />
              </lines>
            </method>
            <method name="get_ImpactDescription" signature="()" line-rate="0" branch-rate="1" complexity="1">
              <lines>
                <line number="75" hits="0" branch="false" />
              </lines>
            </method>
          </methods>
          <lines>
            <line number="68" hits="0" branch="false" />
            <line number="69" hits="0" branch="false" />
            <line number="70" hits="0" branch="false" />
            <line number="71" hits="0" branch="false" />
            <line number="72" hits="0" branch="false" />
            <line number="73" hits="0" branch="false" />
            <line number="74" hits="0" branch="false" />
            <line number="75" hits="0" branch="false" />
          </lines>
        </class>
        <class name="ConditionalAccessExporter.Models.InteractiveSession" filename="/home/runner/work/CA_Scanner/CA_Scanner/ConditionalAccessExporter/Models/RemediationModels.cs" line-rate="0" branch-rate="1" complexity="6">
          <methods>
            <method name="get_SessionId" signature="()" line-rate="0" branch-rate="1" complexity="1">
              <lines>
                <line number="137" hits="0" branch="false" />
              </lines>
            </method>
            <method name="get_StartedAt" signature="()" line-rate="0" branch-rate="1" complexity="1">
              <lines>
                <line number="138" hits="0" branch="false" />
              </lines>
            </method>
            <method name="get_PendingActions" signature="()" line-rate="0" branch-rate="1" complexity="1">
              <lines>
                <line number="139" hits="0" branch="false" />
              </lines>
            </method>
            <method name="get_ApprovedActions" signature="()" line-rate="0" branch-rate="1" complexity="1">
              <lines>
                <line number="140" hits="0" branch="false" />
              </lines>
            </method>
            <method name="get_RejectedActions" signature="()" line-rate="0" branch-rate="1" complexity="1">
              <lines>
                <line number="141" hits="0" branch="false" />
              </lines>
            </method>
            <method name="get_CurrentDecision" signature="()" line-rate="0" branch-rate="1" complexity="1">
              <lines>
                <line number="142" hits="0" branch="false" />
              </lines>
            </method>
          </methods>
          <lines>
            <line number="137" hits="0" branch="false" />
            <line number="138" hits="0" branch="false" />
            <line number="139" hits="0" branch="false" />
            <line number="140" hits="0" branch="false" />
            <line number="141" hits="0" branch="false" />
            <line number="142" hits="0" branch="false" />
          </lines>
        </class>
        <class name="ConditionalAccessExporter.Models.JsonApplicationEnforcedRestrictions" filename="/home/runner/work/CA_Scanner/CA_Scanner/ConditionalAccessExporter/Models/TerraformModels.cs" line-rate="1" branch-rate="1" complexity="1">
          <methods>
            <method name="get_IsEnabled" signature="()" line-rate="1" branch-rate="1" complexity="1">
              <lines>
                <line number="253" hits="5" branch="false" />
              </lines>
            </method>
          </methods>
          <lines>
            <line number="253" hits="5" branch="false" />
          </lines>
        </class>
        <class name="ConditionalAccessExporter.Models.JsonApplications" filename="/home/runner/work/CA_Scanner/CA_Scanner/ConditionalAccessExporter/Models/TerraformModels.cs" line-rate="1" branch-rate="1" complexity="4">
          <methods>
            <method name="get_IncludeApplications" signature="()" line-rate="1" branch-rate="1" complexity="1">
              <lines>
                <line number="194" hits="8" branch="false" />
              </lines>
            </method>
            <method name="get_ExcludeApplications" signature="()" line-rate="1" branch-rate="1" complexity="1">
              <lines>
                <line number="195" hits="7" branch="false" />
              </lines>
            </method>
            <method name="get_IncludeUserActions" signature="()" line-rate="1" branch-rate="1" complexity="1">
              <lines>
                <line number="196" hits="6" branch="false" />
              </lines>
            </method>
            <method name="get_IncludeAuthenticationContextClassReferences" signature="()" line-rate="1" branch-rate="1" complexity="1">
              <lines>
                <line number="197" hits="2" branch="false" />
              </lines>
            </method>
          </methods>
          <lines>
            <line number="194" hits="8" branch="false" />
            <line number="195" hits="7" branch="false" />
            <line number="196" hits="6" branch="false" />
            <line number="197" hits="2" branch="false" />
          </lines>
        </class>
        <class name="ConditionalAccessExporter.Models.JsonAuthenticationStrength" filename="/home/runner/work/CA_Scanner/CA_Scanner/ConditionalAccessExporter/Models/TerraformModels.cs" line-rate="0" branch-rate="1" complexity="2">
          <methods>
            <method name="get_Id" signature="()" line-rate="0" branch-rate="1" complexity="1">
              <lines>
                <line number="239" hits="0" branch="false" />
              </lines>
            </method>
            <method name="get_DisplayName" signature="()" line-rate="0" branch-rate="1" complexity="1">
              <lines>
                <line number="240" hits="0" branch="false" />
              </lines>
            </method>
          </methods>
          <lines>
            <line number="239" hits="0" branch="false" />
            <line number="240" hits="0" branch="false" />
          </lines>
        </class>
        <class name="ConditionalAccessExporter.Models.JsonClientApplications" filename="/home/runner/work/CA_Scanner/CA_Scanner/ConditionalAccessExporter/Models/TerraformModels.cs" line-rate="0" branch-rate="1" complexity="2">
          <methods>
            <method name="get_IncludeServicePrincipals" signature="()" line-rate="0" branch-rate="1" complexity="1">
              <lines>
                <line number="224" hits="0" branch="false" />
              </lines>
            </method>
            <method name="get_ExcludeServicePrincipals" signature="()" line-rate="0" branch-rate="1" complexity="1">
              <lines>
                <line number="225" hits="0" branch="false" />
              </lines>
            </method>
          </methods>
          <lines>
            <line number="224" hits="0" branch="false" />
            <line number="225" hits="0" branch="false" />
          </lines>
        </class>
        <class name="ConditionalAccessExporter.Models.JsonCloudAppSecurity" filename="/home/runner/work/CA_Scanner/CA_Scanner/ConditionalAccessExporter/Models/TerraformModels.cs" line-rate="0" branch-rate="1" complexity="2">
          <methods>
            <method name="get_IsEnabled" signature="()" line-rate="0" branch-rate="1" complexity="1">
              <lines>
                <line number="258" hits="0" branch="false" />
              </lines>
            </method>
            <method name="get_CloudAppSecurityType" signature="()" line-rate="0" branch-rate="1" complexity="1">
              <lines>
                <line number="259" hits="0" branch="false" />
              </lines>
            </method>
          </methods>
          <lines>
            <line number="258" hits="0" branch="false" />
            <line number="259" hits="0" branch="false" />
          </lines>
        </class>
        <class name="ConditionalAccessExporter.Models.JsonConditionalAccessPolicy" filename="/home/runner/work/CA_Scanner/CA_Scanner/ConditionalAccessExporter/Models/TerraformModels.cs" line-rate="1" branch-rate="1" complexity="8">
          <methods>
            <method name="get_Id" signature="()" line-rate="1" branch-rate="1" complexity="1">
              <lines>
                <line number="170" hits="85" branch="false" />
              </lines>
            </method>
            <method name="get_DisplayName" signature="()" line-rate="1" branch-rate="1" complexity="1">
              <lines>
                <line number="171" hits="135" branch="false" />
              </lines>
            </method>
            <method name="get_State" signature="()" line-rate="1" branch-rate="1" complexity="1">
              <lines>
                <line number="172" hits="121" branch="false" />
              </lines>
            </method>
            <method name="get_CreatedDateTime" signature="()" line-rate="1" branch-rate="1" complexity="1">
              <lines>
                <line number="173" hits="83" branch="false" />
              </lines>
            </method>
            <method name="get_ModifiedDateTime" signature="()" line-rate="1" branch-rate="1" complexity="1">
              <lines>
                <line number="174" hits="83" branch="false" />
              </lines>
            </method>
            <method name="get_Conditions" signature="()" line-rate="1" branch-rate="1" complexity="1">
              <lines>
                <line number="175" hits="68" branch="false" />
              </lines>
            </method>
            <method name="get_GrantControls" signature="()" line-rate="1" branch-rate="1" complexity="1">
              <lines>
                <line number="176" hits="54" branch="false" />
              </lines>
            </method>
            <method name="get_SessionControls" signature="()" line-rate="1" branch-rate="1" complexity="1">
              <lines>
                <line number="177" hits="55" branch="false" />
              </lines>
            </method>
          </methods>
          <lines>
            <line number="170" hits="85" branch="false" />
            <line number="171" hits="135" branch="false" />
            <line number="172" hits="121" branch="false" />
            <line number="173" hits="83" branch="false" />
            <line number="174" hits="83" branch="false" />
            <line number="175" hits="68" branch="false" />
            <line number="176" hits="54" branch="false" />
            <line number="177" hits="55" branch="false" />
          </lines>
        </class>
        <class name="ConditionalAccessExporter.Models.JsonConditions" filename="/home/runner/work/CA_Scanner/CA_Scanner/ConditionalAccessExporter/Models/TerraformModels.cs" line-rate="1" branch-rate="1" complexity="8">
          <methods>
            <method name="get_Applications" signature="()" line-rate="1" branch-rate="1" complexity="1">
              <lines>
                <line number="182" hits="19" branch="false" />
              </lines>
            </method>
            <method name="get_Users" signature="()" line-rate="1" branch-rate="1" complexity="1">
              <lines>
                <line number="183" hits="27" branch="false" />
              </lines>
            </method>
            <method name="get_ClientAppTypes" signature="()" line-rate="1" branch-rate="1" complexity="1">
              <lines>
                <line number="184" hits="6" branch="false" />
              </lines>
            </method>
            <method name="get_Platforms" signature="()" line-rate="1" branch-rate="1" complexity="1">
              <lines>
                <line number="185" hits="6" branch="false" />
              </lines>
            </method>
            <method name="get_Locations" signature="()" line-rate="1" branch-rate="1" complexity="1">
              <lines>
                <line number="186" hits="10" branch="false" />
              </lines>
            </method>
            <method name="get_SignInRiskLevels" signature="()" line-rate="1" branch-rate="1" complexity="1">
              <lines>
                <line number="187" hits="6" branch="false" />
              </lines>
            </method>
            <method name="get_UserRiskLevels" signature="()" line-rate="1" branch-rate="1" complexity="1">
              <lines>
                <line number="188" hits="6" branch="false" />
              </lines>
            </method>
            <method name="get_ClientApplications" signature="()" line-rate="1" branch-rate="1" complexity="1">
              <lines>
                <line number="189" hits="4" branch="false" />
              </lines>
            </method>
          </methods>
          <lines>
            <line number="182" hits="19" branch="false" />
            <line number="183" hits="27" branch="false" />
            <line number="184" hits="6" branch="false" />
            <line number="185" hits="6" branch="false" />
            <line number="186" hits="10" branch="false" />
            <line number="187" hits="6" branch="false" />
            <line number="188" hits="6" branch="false" />
            <line number="189" hits="4" branch="false" />
          </lines>
        </class>
        <class name="ConditionalAccessExporter.Models.JsonGrantControls" filename="/home/runner/work/CA_Scanner/CA_Scanner/ConditionalAccessExporter/Models/TerraformModels.cs" line-rate="1" branch-rate="1" complexity="5">
          <methods>
            <method name="get_Operator" signature="()" line-rate="1" branch-rate="1" complexity="1">
              <lines>
                <line number="230" hits="5" branch="false" />
              </lines>
            </method>
            <method name="get_BuiltInControls" signature="()" line-rate="1" branch-rate="1" complexity="1">
              <lines>
                <line number="231" hits="6" branch="false" />
              </lines>
            </method>
            <method name="get_CustomAuthenticationFactors" signature="()" line-rate="1" branch-rate="1" complexity="1">
              <lines>
                <line number="232" hits="3" branch="false" />
              </lines>
            </method>
            <method name="get_TermsOfUse" signature="()" line-rate="1" branch-rate="1" complexity="1">
              <lines>
                <line number="233" hits="3" branch="false" />
              </lines>
            </method>
            <method name="get_AuthenticationStrength" signature="()" line-rate="1" branch-rate="1" complexity="1">
              <lines>
                <line number="234" hits="2" branch="false" />
              </lines>
            </method>
          </methods>
          <lines>
            <line number="230" hits="5" branch="false" />
            <line number="231" hits="6" branch="false" />
            <line number="232" hits="3" branch="false" />
            <line number="233" hits="3" branch="false" />
            <line number="234" hits="2" branch="false" />
          </lines>
        </class>
        <class name="ConditionalAccessExporter.Models.JsonLocations" filename="/home/runner/work/CA_Scanner/CA_Scanner/ConditionalAccessExporter/Models/TerraformModels.cs" line-rate="0" branch-rate="1" complexity="2">
          <methods>
            <method name="get_IncludeLocations" signature="()" line-rate="0" branch-rate="1" complexity="1">
              <lines>
                <line number="218" hits="0" branch="false" />
              </lines>
            </method>
            <method name="get_ExcludeLocations" signature="()" line-rate="0" branch-rate="1" complexity="1">
              <lines>
                <line number="219" hits="0" branch="false" />
              </lines>
            </method>
          </methods>
          <lines>
            <line number="218" hits="0" branch="false" />
            <line number="219" hits="0" branch="false" />
          </lines>
        </class>
        <class name="ConditionalAccessExporter.Models.JsonPersistentBrowser" filename="/home/runner/work/CA_Scanner/CA_Scanner/ConditionalAccessExporter/Models/TerraformModels.cs" line-rate="0" branch-rate="1" complexity="2">
          <methods>
            <method name="get_IsEnabled" signature="()" line-rate="0" branch-rate="1" complexity="1">
              <lines>
                <line number="264" hits="0" branch="false" />
              </lines>
            </method>
            <method name="get_Mode" signature="()" line-rate="0" branch-rate="1" complexity="1">
              <lines>
                <line number="265" hits="0" branch="false" />
              </lines>
            </method>
          </methods>
          <lines>
            <line number="264" hits="0" branch="false" />
            <line number="265" hits="0" branch="false" />
          </lines>
        </class>
        <class name="ConditionalAccessExporter.Models.JsonPlatforms" filename="/home/runner/work/CA_Scanner/CA_Scanner/ConditionalAccessExporter/Models/TerraformModels.cs" line-rate="0" branch-rate="1" complexity="2">
          <methods>
            <method name="get_IncludePlatforms" signature="()" line-rate="0" branch-rate="1" complexity="1">
              <lines>
                <line number="212" hits="0" branch="false" />
              </lines>
            </method>
            <method name="get_ExcludePlatforms" signature="()" line-rate="0" branch-rate="1" complexity="1">
              <lines>
                <line number="213" hits="0" branch="false" />
              </lines>
            </method>
          </methods>
          <lines>
            <line number="212" hits="0" branch="false" />
            <line number="213" hits="0" branch="false" />
          </lines>
        </class>
        <class name="ConditionalAccessExporter.Models.JsonPolicyExport" filename="/home/runner/work/CA_Scanner/CA_Scanner/ConditionalAccessExporter/Models/TerraformModels.cs" line-rate="1" branch-rate="1" complexity="5">
          <methods>
            <method name="get_ExportedAt" signature="()" line-rate="1" branch-rate="1" complexity="1">
              <lines>
                <line number="161" hits="35" branch="false" />
              </lines>
            </method>
            <method name="get_TenantId" signature="()" line-rate="1" branch-rate="1" complexity="1">
              <lines>
                <line number="162" hits="33" branch="false" />
              </lines>
            </method>
            <method name="get_Source" signature="()" line-rate="1" branch-rate="1" complexity="1">
              <lines>
                <line number="163" hits="33" branch="false" />
              </lines>
            </method>
            <method name="get_PoliciesCount" signature="()" line-rate="1" branch-rate="1" complexity="1">
              <lines>
                <line number="164" hits="48" branch="false" />
              </lines>
            </method>
            <method name="get_Policies" signature="()" line-rate="1" branch-rate="1" complexity="1">
              <lines>
                <line number="165" hits="167" branch="false" />
              </lines>
            </method>
          </methods>
          <lines>
            <line number="161" hits="35" branch="false" />
            <line number="162" hits="33" branch="false" />
            <line number="163" hits="33" branch="false" />
            <line number="164" hits="48" branch="false" />
            <line number="165" hits="167" branch="false" />
          </lines>
        </class>
        <class name="ConditionalAccessExporter.Models.JsonSessionControls" filename="/home/runner/work/CA_Scanner/CA_Scanner/ConditionalAccessExporter/Models/TerraformModels.cs" line-rate="1" branch-rate="1" complexity="4">
          <methods>
            <method name="get_ApplicationEnforcedRestrictions" signature="()" line-rate="1" branch-rate="1" complexity="1">
              <lines>
                <line number="245" hits="6" branch="false" />
              </lines>
            </method>
            <method name="get_CloudAppSecurity" signature="()" line-rate="1" branch-rate="1" complexity="1">
              <lines>
                <line number="246" hits="3" branch="false" />
              </lines>
            </method>
            <method name="get_PersistentBrowser" signature="()" line-rate="1" branch-rate="1" complexity="1">
              <lines>
                <line number="247" hits="3" branch="false" />
              </lines>
            </method>
            <method name="get_SignInFrequency" signature="()" line-rate="1" branch-rate="1" complexity="1">
              <lines>
                <line number="248" hits="11" branch="false" />
              </lines>
            </method>
          </methods>
          <lines>
            <line number="245" hits="6" branch="false" />
            <line number="246" hits="3" branch="false" />
            <line number="247" hits="3" branch="false" />
            <line number="248" hits="11" branch="false" />
          </lines>
        </class>
        <class name="ConditionalAccessExporter.Models.JsonSignInFrequency" filename="/home/runner/work/CA_Scanner/CA_Scanner/ConditionalAccessExporter/Models/TerraformModels.cs" line-rate="1" branch-rate="1" complexity="4">
          <methods>
            <method name="get_IsEnabled" signature="()" line-rate="1" branch-rate="1" complexity="1">
              <lines>
                <line number="270" hits="4" branch="false" />
              </lines>
            </method>
            <method name="get_Type" signature="()" line-rate="1" branch-rate="1" complexity="1">
              <lines>
                <line number="271" hits="5" branch="false" />
              </lines>
            </method>
            <method name="get_Value" signature="()" line-rate="1" branch-rate="1" complexity="1">
              <lines>
                <line number="272" hits="5" branch="false" />
              </lines>
            </method>
            <method name="get_AuthenticationType" signature="()" line-rate="1" branch-rate="1" complexity="1">
              <lines>
                <line number="273" hits="3" branch="false" />
              </lines>
            </method>
          </methods>
          <lines>
            <line number="270" hits="4" branch="false" />
            <line number="271" hits="5" branch="false" />
            <line number="272" hits="5" branch="false" />
            <line number="273" hits="3" branch="false" />
          </lines>
        </class>
        <class name="ConditionalAccessExporter.Models.JsonToTerraformResult" filename="/home/runner/work/CA_Scanner/CA_Scanner/ConditionalAccessExporter/Models/TerraformModels.cs" line-rate="1" branch-rate="1" complexity="10">
          <methods>
            <method name="get_ConvertedAt" signature="()" line-rate="1" branch-rate="1" complexity="1">
              <lines>
                <line number="278" hits="18" branch="false" />
              </lines>
            </method>
            <method name="get_SourcePath" signature="()" line-rate="1" branch-rate="1" complexity="1">
              <lines>
                <line number="279" hits="37" branch="false" />
              </lines>
            </method>
            <method name="get_OutputPath" signature="()" line-rate="1" branch-rate="1" complexity="1">
              <lines>
                <line number="280" hits="78" branch="false" />
              </lines>
            </method>
            <method name="get_GeneratedFiles" signature="()" line-rate="1" branch-rate="1" complexity="1">
              <lines>
                <line number="281" hits="69" branch="false" />
              </lines>
            </method>
            <method name="get_ConversionLog" signature="()" line-rate="1" branch-rate="1" complexity="1">
              <lines>
                <line number="282" hits="35" branch="false" />
              </lines>
            </method>
            <method name="get_Errors" signature="()" line-rate="1" branch-rate="1" complexity="1">
              <lines>
                <line number="283" hits="41" branch="false" />
              </lines>
            </method>
            <method name="get_Warnings" signature="()" line-rate="1" branch-rate="1" complexity="1">
              <lines>
                <line number="284" hits="35" branch="false" />
              </lines>
            </method>
            <method name="get_SuccessfulConversions" signature="()" line-rate="1" branch-rate="1" complexity="1">
              <lines>
                <line number="285" hits="20" branch="false" />
              </lines>
            </method>
            <method name="get_FailedConversions" signature="()" line-rate="1" branch-rate="1" complexity="1">
              <lines>
                <line number="286" hits="18" branch="false" />
              </lines>
            </method>
            <method name="get_Options" signature="()" line-rate="1" branch-rate="1" complexity="1">
              <lines>
                <line number="287" hits="183" branch="false" />
              </lines>
            </method>
          </methods>
          <lines>
            <line number="278" hits="18" branch="false" />
            <line number="279" hits="37" branch="false" />
            <line number="280" hits="78" branch="false" />
            <line number="281" hits="69" branch="false" />
            <line number="282" hits="35" branch="false" />
            <line number="283" hits="41" branch="false" />
            <line number="284" hits="35" branch="false" />
            <line number="285" hits="20" branch="false" />
            <line number="286" hits="18" branch="false" />
            <line number="287" hits="183" branch="false" />
          </lines>
        </class>
        <class name="ConditionalAccessExporter.Models.JsonUsers" filename="/home/runner/work/CA_Scanner/CA_Scanner/ConditionalAccessExporter/Models/TerraformModels.cs" line-rate="1" branch-rate="1" complexity="6">
          <methods>
            <method name="get_IncludeUsers" signature="()" line-rate="1" branch-rate="1" complexity="1">
              <lines>
                <line number="202" hits="8" branch="false" />
              </lines>
            </method>
            <method name="get_ExcludeUsers" signature="()" line-rate="1" branch-rate="1" complexity="1">
              <lines>
                <line number="203" hits="7" branch="false" />
              </lines>
            </method>
            <method name="get_IncludeGroups" signature="()" line-rate="1" branch-rate="1" complexity="1">
              <lines>
                <line number="204" hits="7" branch="false" />
              </lines>
            </method>
            <method name="get_ExcludeGroups" signature="()" line-rate="1" branch-rate="1" complexity="1">
              <lines>
                <line number="205" hits="7" branch="false" />
              </lines>
            </method>
            <method name="get_IncludeRoles" signature="()" line-rate="1" branch-rate="1" complexity="1">
              <lines>
                <line number="206" hits="3" branch="false" />
              </lines>
            </method>
            <method name="get_ExcludeRoles" signature="()" line-rate="1" branch-rate="1" complexity="1">
              <lines>
                <line number="207" hits="3" branch="false" />
              </lines>
            </method>
          </methods>
          <lines>
            <line number="202" hits="8" branch="false" />
            <line number="203" hits="7" branch="false" />
            <line number="204" hits="7" branch="false" />
            <line number="205" hits="7" branch="false" />
            <line number="206" hits="3" branch="false" />
            <line number="207" hits="3" branch="false" />
          </lines>
        </class>
        <class name="ConditionalAccessExporter.Models.MatchingOptions" filename="/home/runner/work/CA_Scanner/CA_Scanner/ConditionalAccessExporter/Models/ComparisonResult.cs" line-rate="1" branch-rate="1" complexity="3">
          <methods>
            <method name="get_Strategy" signature="()" line-rate="1" branch-rate="1" complexity="1">
              <lines>
                <line number="53" hits="76" branch="false" />
              </lines>
            </method>
            <method name="get_CaseSensitive" signature="()" line-rate="1" branch-rate="1" complexity="1">
              <lines>
                <line number="54" hits="70" branch="false" />
              </lines>
            </method>
            <method name="get_CustomMappings" signature="()" line-rate="1" branch-rate="1" complexity="1">
              <lines>
                <line number="55" hits="35" branch="false" />
              </lines>
            </method>
          </methods>
          <lines>
            <line number="53" hits="76" branch="false" />
            <line number="54" hits="70" branch="false" />
            <line number="55" hits="35" branch="false" />
          </lines>
        </class>
        <class name="ConditionalAccessExporter.Models.NormalizedApplications" filename="/home/runner/work/CA_Scanner/CA_Scanner/ConditionalAccessExporter/Models/ComparisonResult.cs" line-rate="1" branch-rate="1" complexity="3">
          <methods>
            <method name="get_IncludeApplications" signature="()" line-rate="1" branch-rate="1" complexity="1">
              <lines>
                <line number="161" hits="493" branch="false" />
              </lines>
            </method>
            <method name="get_ExcludeApplications" signature="()" line-rate="1" branch-rate="1" complexity="1">
              <lines>
                <line number="162" hits="367" branch="false" />
              </lines>
            </method>
            <method name="get_IncludeUserActions" signature="()" line-rate="1" branch-rate="1" complexity="1">
              <lines>
                <line number="163" hits="365" branch="false" />
              </lines>
            </method>
          </methods>
          <lines>
            <line number="161" hits="493" branch="false" />
            <line number="162" hits="367" branch="false" />
            <line number="163" hits="365" branch="false" />
          </lines>
        </class>
        <class name="ConditionalAccessExporter.Models.NormalizedConditions" filename="/home/runner/work/CA_Scanner/CA_Scanner/ConditionalAccessExporter/Models/ComparisonResult.cs" line-rate="1" branch-rate="1" complexity="7">
          <methods>
            <method name="get_Applications" signature="()" line-rate="1" branch-rate="1" complexity="1">
              <lines>
                <line number="150" hits="493" branch="false" />
              </lines>
            </method>
            <method name="get_Users" signature="()" line-rate="1" branch-rate="1" complexity="1">
              <lines>
                <line number="151" hits="493" branch="false" />
              </lines>
            </method>
            <method name="get_ClientAppTypes" signature="()" line-rate="1" branch-rate="1" complexity="1">
              <lines>
                <line number="152" hits="369" branch="false" />
              </lines>
            </method>
            <method name="get_Platforms" signature="()" line-rate="1" branch-rate="1" complexity="1">
              <lines>
                <line number="153" hits="367" branch="false" />
              </lines>
            </method>
            <method name="get_Locations" signature="()" line-rate="1" branch-rate="1" complexity="1">
              <lines>
                <line number="154" hits="367" branch="false" />
              </lines>
            </method>
            <method name="get_SignInRiskLevels" signature="()" line-rate="1" branch-rate="1" complexity="1">
              <lines>
                <line number="155" hits="367" branch="false" />
              </lines>
            </method>
            <method name="get_UserRiskLevels" signature="()" line-rate="1" branch-rate="1" complexity="1">
              <lines>
                <line number="156" hits="367" branch="false" />
              </lines>
            </method>
          </methods>
          <lines>
            <line number="150" hits="493" branch="false" />
            <line number="151" hits="493" branch="false" />
            <line number="152" hits="369" branch="false" />
            <line number="153" hits="367" branch="false" />
            <line number="154" hits="367" branch="false" />
            <line number="155" hits="367" branch="false" />
            <line number="156" hits="367" branch="false" />
          </lines>
        </class>
        <class name="ConditionalAccessExporter.Models.NormalizedGrantControls" filename="/home/runner/work/CA_Scanner/CA_Scanner/ConditionalAccessExporter/Models/ComparisonResult.cs" line-rate="1" branch-rate="1" complexity="4">
          <methods>
            <method name="get_Operator" signature="()" line-rate="1" branch-rate="1" complexity="1">
              <lines>
                <line number="190" hits="475" branch="false" />
              </lines>
            </method>
            <method name="get_BuiltInControls" signature="()" line-rate="1" branch-rate="1" complexity="1">
              <lines>
                <line number="191" hits="491" branch="false" />
              </lines>
            </method>
            <method name="get_CustomAuthenticationFactors" signature="()" line-rate="1" branch-rate="1" complexity="1">
              <lines>
                <line number="192" hits="367" branch="false" />
              </lines>
            </method>
            <method name="get_TermsOfUse" signature="()" line-rate="1" branch-rate="1" complexity="1">
              <lines>
                <line number="193" hits="367" branch="false" />
              </lines>
            </method>
          </methods>
          <lines>
            <line number="190" hits="475" branch="false" />
            <line number="191" hits="491" branch="false" />
            <line number="192" hits="367" branch="false" />
            <line number="193" hits="367" branch="false" />
          </lines>
        </class>
        <class name="ConditionalAccessExporter.Models.NormalizedLocations" filename="/home/runner/work/CA_Scanner/CA_Scanner/ConditionalAccessExporter/Models/ComparisonResult.cs" line-rate="1" branch-rate="1" complexity="2">
          <methods>
            <method name="get_IncludeLocations" signature="()" line-rate="1" branch-rate="1" complexity="1">
              <lines>
                <line number="184" hits="1" branch="false" />
              </lines>
            </method>
            <method name="get_ExcludeLocations" signature="()" line-rate="1" branch-rate="1" complexity="1">
              <lines>
                <line number="185" hits="1" branch="false" />
              </lines>
            </method>
          </methods>
          <lines>
            <line number="184" hits="1" branch="false" />
            <line number="185" hits="1" branch="false" />
          </lines>
        </class>
        <class name="ConditionalAccessExporter.Models.NormalizedPlatforms" filename="/home/runner/work/CA_Scanner/CA_Scanner/ConditionalAccessExporter/Models/ComparisonResult.cs" line-rate="1" branch-rate="1" complexity="2">
          <methods>
            <method name="get_IncludePlatforms" signature="()" line-rate="1" branch-rate="1" complexity="1">
              <lines>
                <line number="178" hits="1" branch="false" />
              </lines>
            </method>
            <method name="get_ExcludePlatforms" signature="()" line-rate="1" branch-rate="1" complexity="1">
              <lines>
                <line number="179" hits="1" branch="false" />
              </lines>
            </method>
          </methods>
          <lines>
            <line number="178" hits="1" branch="false" />
            <line number="179" hits="1" branch="false" />
          </lines>
        </class>
        <class name="ConditionalAccessExporter.Models.NormalizedPolicy" filename="/home/runner/work/CA_Scanner/CA_Scanner/ConditionalAccessExporter/Models/ComparisonResult.cs" line-rate="1" branch-rate="1" complexity="9">
          <methods>
            <method name="get_Id" signature="()" line-rate="1" branch-rate="1" complexity="1">
              <lines>
                <line number="137" hits="700" branch="false" />
              </lines>
            </method>
            <method name="get_DisplayName" signature="()" line-rate="1" branch-rate="1" complexity="1">
              <lines>
                <line number="138" hits="3385" branch="false" />
              </lines>
            </method>
            <method name="get_State" signature="()" line-rate="1" branch-rate="1" complexity="1">
              <lines>
                <line number="139" hits="914" branch="false" />
              </lines>
            </method>
            <method name="get_SourceFormat" signature="()" line-rate="1" branch-rate="1" complexity="1">
              <lines>
                <line number="140" hits="722" branch="false" />
              </lines>
            </method>
            <method name="get_SourceFile" signature="()" line-rate="1" branch-rate="1" complexity="1">
              <lines>
                <line number="141" hits="885" branch="false" />
              </lines>
            </method>
            <method name="get_OriginalPolicy" signature="()" line-rate="1" branch-rate="1" complexity="1">
              <lines>
                <line number="142" hits="219" branch="false" />
              </lines>
            </method>
            <method name="get_NormalizedConditions" signature="()" line-rate="1" branch-rate="1" complexity="1">
              <lines>
                <line number="143" hits="651" branch="false" />
              </lines>
            </method>
            <method name="get_NormalizedGrantControls" signature="()" line-rate="1" branch-rate="1" complexity="1">
              <lines>
                <line number="144" hits="643" branch="false" />
              </lines>
            </method>
            <method name="get_NormalizedSessionControls" signature="()" line-rate="1" branch-rate="1" complexity="1">
              <lines>
                <line number="145" hits="219" branch="false" />
              </lines>
            </method>
          </methods>
          <lines>
            <line number="137" hits="700" branch="false" />
            <line number="138" hits="3385" branch="false" />
            <line number="139" hits="914" branch="false" />
            <line number="140" hits="722" branch="false" />
            <line number="141" hits="885" branch="false" />
            <line number="142" hits="219" branch="false" />
            <line number="143" hits="651" branch="false" />
            <line number="144" hits="643" branch="false" />
            <line number="145" hits="219" branch="false" />
          </lines>
        </class>
        <class name="ConditionalAccessExporter.Models.NormalizedUsers" filename="/home/runner/work/CA_Scanner/CA_Scanner/ConditionalAccessExporter/Models/ComparisonResult.cs" line-rate="1" branch-rate="1" complexity="6">
          <methods>
            <method name="get_IncludeUsers" signature="()" line-rate="1" branch-rate="1" complexity="1">
              <lines>
                <line number="168" hits="493" branch="false" />
              </lines>
            </method>
            <method name="get_ExcludeUsers" signature="()" line-rate="1" branch-rate="1" complexity="1">
              <lines>
                <line number="169" hits="367" branch="false" />
              </lines>
            </method>
            <method name="get_IncludeGroups" signature="()" line-rate="1" branch-rate="1" complexity="1">
              <lines>
                <line number="170" hits="365" branch="false" />
              </lines>
            </method>
            <method name="get_ExcludeGroups" signature="()" line-rate="1" branch-rate="1" complexity="1">
              <lines>
                <line number="171" hits="365" branch="false" />
              </lines>
            </method>
            <method name="get_IncludeRoles" signature="()" line-rate="1" branch-rate="1" complexity="1">
              <lines>
                <line number="172" hits="365" branch="false" />
              </lines>
            </method>
            <method name="get_ExcludeRoles" signature="()" line-rate="1" branch-rate="1" complexity="1">
              <lines>
                <line number="173" hits="365" branch="false" />
              </lines>
            </method>
          </methods>
          <lines>
            <line number="168" hits="493" branch="false" />
            <line number="169" hits="367" branch="false" />
            <line number="170" hits="365" branch="false" />
            <line number="171" hits="365" branch="false" />
            <line number="172" hits="365" branch="false" />
            <line number="173" hits="365" branch="false" />
          </lines>
        </class>
        <class name="ConditionalAccessExporter.Models.PipelineOutput" filename="/home/runner/work/CA_Scanner/CA_Scanner/ConditionalAccessExporter/Models/ComparisonResult.cs" line-rate="0" branch-rate="1" complexity="10">
          <methods>
            <method name="get_Status" signature="()" line-rate="0" branch-rate="1" complexity="1">
              <lines>
                <line number="223" hits="0" branch="false" />
              </lines>
            </method>
            <method name="get_ExitCode" signature="()" line-rate="0" branch-rate="1" complexity="1">
              <lines>
                <line number="224" hits="0" branch="false" />
              </lines>
            </method>
            <method name="get_DifferencesCount" signature="()" line-rate="0" branch-rate="1" complexity="1">
              <lines>
                <line number="225" hits="0" branch="false" />
              </lines>
            </method>
            <method name="get_CriticalChanges" signature="()" line-rate="0" branch-rate="1" complexity="1">
              <lines>
                <line number="226" hits="0" branch="false" />
              </lines>
            </method>
            <method name="get_NonCriticalChanges" signature="()" line-rate="0" branch-rate="1" complexity="1">
              <lines>
                <line number="227" hits="0" branch="false" />
              </lines>
            </method>
            <method name="get_ComparedAt" signature="()" line-rate="0" branch-rate="1" complexity="1">
              <lines>
                <line number="228" hits="0" branch="false" />
              </lines>
            </method>
            <method name="get_TenantId" signature="()" line-rate="0" branch-rate="1" complexity="1">
              <lines>
                <line number="229" hits="0" branch="false" />
              </lines>
            </method>
            <method name="get_CriticalChangeTypes" signature="()" line-rate="0" branch-rate="1" complexity="1">
              <lines>
                <line number="230" hits="0" branch="false" />
              </lines>
            </method>
            <method name="get_PolicyNames" signature="()" line-rate="0" branch-rate="1" complexity="1">
              <lines>
                <line number="231" hits="0" branch="false" />
              </lines>
            </method>
            <method name="get_Message" signature="()" line-rate="0" branch-rate="1" complexity="1">
              <lines>
                <line number="232" hits="0" branch="false" />
              </lines>
            </method>
          </methods>
          <lines>
            <line number="223" hits="0" branch="false" />
            <line number="224" hits="0" branch="false" />
            <line number="225" hits="0" branch="false" />
            <line number="226" hits="0" branch="false" />
            <line number="227" hits="0" branch="false" />
            <line number="228" hits="0" branch="false" />
            <line number="229" hits="0" branch="false" />
            <line number="230" hits="0" branch="false" />
            <line number="231" hits="0" branch="false" />
            <line number="232" hits="0" branch="false" />
          </lines>
        </class>
        <class name="ConditionalAccessExporter.Models.PolicyComparison" filename="/home/runner/work/CA_Scanner/CA_Scanner/ConditionalAccessExporter/Models/ComparisonResult.cs" line-rate="1" branch-rate="1" complexity="11">
          <methods>
            <method name="get_PolicyId" signature="()" line-rate="1" branch-rate="1" complexity="1">
              <lines>
                <line number="30" hits="178" branch="false" />
              </lines>
            </method>
            <method name="get_PolicyName" signature="()" line-rate="1" branch-rate="1" complexity="1">
              <lines>
                <line number="31" hits="212" branch="false" />
              </lines>
            </method>
            <method name="get_Status" signature="()" line-rate="1" branch-rate="1" complexity="1">
              <lines>
                <line number="32" hits="194" branch="false" />
              </lines>
            </method>
            <method name="get_ReferenceFileName" signature="()" line-rate="1" branch-rate="1" complexity="1">
              <lines>
                <line number="33" hits="125" branch="false" />
              </lines>
            </method>
            <method name="get_EntraPolicy" signature="()" line-rate="1" branch-rate="1" complexity="1">
              <lines>
                <line number="34" hits="43" branch="false" />
              </lines>
            </method>
            <method name="get_ReferencePolicy" signature="()" line-rate="1" branch-rate="1" complexity="1">
              <lines>
                <line number="35" hits="36" branch="false" />
              </lines>
            </method>
            <method name="get_Differences" signature="()" line-rate="1" branch-rate="1" complexity="1">
              <lines>
                <line number="36" hits="62" branch="false" />
              </lines>
            </method>
            <method name="get_HasCriticalDifferences" signature="()" line-rate="1" branch-rate="1" complexity="1">
              <lines>
                <line number="37" hits="25" branch="false" />
              </lines>
            </method>
            <method name="get_CriticalDifferenceTypes" signature="()" line-rate="1" branch-rate="1" complexity="1">
              <lines>
                <line number="38" hits="92" branch="false" />
              </lines>
            </method>
            <method name="get_NonCriticalDifferenceTypes" signature="()" line-rate="1" branch-rate="1" complexity="1">
              <lines>
                <line number="39" hits="90" branch="false" />
              </lines>
            </method>
            <method name="get_IgnoredDifferenceTypes" signature="()" line-rate="1" branch-rate="1" complexity="1">
              <lines>
                <line number="40" hits="90" branch="false" />
              </lines>
            </method>
          </methods>
          <lines>
            <line number="30" hits="178" branch="false" />
            <line number="31" hits="212" branch="false" />
            <line number="32" hits="194" branch="false" />
            <line number="33" hits="125" branch="false" />
            <line number="34" hits="43" branch="false" />
            <line number="35" hits="36" branch="false" />
            <line number="36" hits="62" branch="false" />
            <line number="37" hits="25" branch="false" />
            <line number="38" hits="92" branch="false" />
            <line number="39" hits="90" branch="false" />
            <line number="40" hits="90" branch="false" />
          </lines>
        </class>
        <class name="ConditionalAccessExporter.Models.PolicyExecutionResult" filename="/home/runner/work/CA_Scanner/CA_Scanner/ConditionalAccessExporter/Models/RemediationModels.cs" line-rate="0" branch-rate="1" complexity="7">
          <methods>
            <method name="get_PolicyId" signature="()" line-rate="0" branch-rate="1" complexity="1">
              <lines>
                <line number="187" hits="0" branch="false" />
              </lines>
            </method>
            <method name="get_PolicyName" signature="()" line-rate="0" branch-rate="1" complexity="1">
              <lines>
                <line number="188" hits="0" branch="false" />
              </lines>
            </method>
            <method name="get_Success" signature="()" line-rate="0" branch-rate="1" complexity="1">
              <lines>
                <line number="189" hits="0" branch="false" />
              </lines>
            </method>
            <method name="get_ErrorMessage" signature="()" line-rate="0" branch-rate="1" complexity="1">
              <lines>
                <line number="190" hits="0" branch="false" />
              </lines>
            </method>
            <method name="get_ExecutedSteps" signature="()" line-rate="0" branch-rate="1" complexity="1">
              <lines>
                <line number="191" hits="0" branch="false" />
              </lines>
            </method>
            <method name="get_FailedSteps" signature="()" line-rate="0" branch-rate="1" complexity="1">
              <lines>
                <line number="192" hits="0" branch="false" />
              </lines>
            </method>
            <method name="get_ExecutedAt" signature="()" line-rate="0" branch-rate="1" complexity="1">
              <lines>
                <line number="193" hits="0" branch="false" />
              </lines>
            </method>
          </methods>
          <lines>
            <line number="187" hits="0" branch="false" />
            <line number="188" hits="0" branch="false" />
            <line number="189" hits="0" branch="false" />
            <line number="190" hits="0" branch="false" />
            <line number="191" hits="0" branch="false" />
            <line number="192" hits="0" branch="false" />
            <line number="193" hits="0" branch="false" />
          </lines>
        </class>
        <class name="ConditionalAccessExporter.Models.PolicyRemediation" filename="/home/runner/work/CA_Scanner/CA_Scanner/ConditionalAccessExporter/Models/RemediationModels.cs" line-rate="0" branch-rate="1" complexity="12">
          <methods>
            <method name="get_PolicyId" signature="()" line-rate="0" branch-rate="1" complexity="1">
              <lines>
                <line number="33" hits="0" branch="false" />
              </lines>
            </method>
            <method name="get_PolicyName" signature="()" line-rate="0" branch-rate="1" complexity="1">
              <lines>
                <line number="34" hits="0" branch="false" />
              </lines>
            </method>
            <method name="get_Action" signature="()" line-rate="0" branch-rate="1" complexity="1">
              <lines>
                <line number="35" hits="0" branch="false" />
              </lines>
            </method>
            <method name="get_RiskLevel" signature="()" line-rate="0" branch-rate="1" complexity="1">
[...]
            <line number="483" hits="1" branch="false" />
            <line number="484" hits="1" branch="false" />
            <line number="487" hits="0" branch="false" />
            <line number="488" hits="0" branch="false" />
            <line number="489" hits="0" branch="false" />
            <line number="492" hits="0" branch="false" />
            <line number="493" hits="0" branch="false" />
            <line number="494" hits="0" branch="false" />
            <line number="497" hits="4" branch="false" />
            <line number="498" hits="4" branch="false" />
            <line number="499" hits="4" branch="false" />
            <line number="500" hits="4" branch="false" />
            <line number="501" hits="4" branch="false" />
            <line number="502" hits="4" branch="false" />
            <line number="503" hits="4" branch="false" />
            <line number="504" hits="4" branch="false" />
            <line number="505" hits="4" branch="false" />
            <line number="506" hits="4" branch="false" />
            <line number="509" hits="4" branch="false" />
            <line number="511" hits="4" branch="false" />
            <line number="512" hits="4" branch="false" />
            <line number="513" hits="4" branch="true" condition-coverage="100% (2/2)" />
            <line number="514" hits="1" branch="false" />
            <line number="515" hits="1" branch="false" />
            <line number="519" hits="3" branch="false" />
            <line number="520" hits="3" branch="false" />
            <line number="521" hits="3" branch="true" condition-coverage="100% (2/2)" />
            <line number="522" hits="1" branch="false" />
            <line number="523" hits="1" branch="false" />
            <line number="525" hits="1" branch="false" />
            <line number="526" hits="2" branch="false" />
            <line number="527" hits="2" branch="false" />
            <line number="528" hits="1" branch="false" />
            <line number="529" hits="1" branch="false" />
            <line number="533" hits="2" branch="false" />
            <line number="534" hits="2" branch="false" />
            <line number="535" hits="2" branch="true" condition-coverage="50% (1/2)" />
            <line number="536" hits="0" branch="false" />
            <line number="537" hits="0" branch="false" />
            <line number="538" hits="0" branch="true" condition-coverage="0% (0/2)" />
            <line number="539" hits="0" branch="false" />
            <line number="540" hits="0" branch="true" condition-coverage="0% (0/2)" />
            <line number="541" hits="0" branch="false" />
            <line number="542" hits="0" branch="false" />
            <line number="545" hits="2" branch="false" />
            <line number="546" hits="4" branch="false" />
            <line number="549" hits="2" branch="false" />
            <line number="550" hits="2" branch="false" />
            <line number="553" hits="2" branch="false" />
            <line number="554" hits="2" branch="false" />
            <line number="556" hits="9" branch="true" condition-coverage="100% (2/2)" />
            <line number="557" hits="7" branch="false" />
            <line number="558" hits="7" branch="false" />
            <line number="559" hits="7" branch="true" condition-coverage="100% (6/6)" />
            <line number="560" hits="2" branch="false" />
            <line number="561" hits="2" branch="false" />
            <line number="562" hits="2" branch="false" />
            <line number="566" hits="5" branch="false" />
            <line number="567" hits="5" branch="true" condition-coverage="50% (1/2)" />
            <line number="568" hits="5" branch="false" />
            <line number="569" hits="5" branch="false" />
            <line number="570" hits="5" branch="false" />
            <line number="573" hits="5" branch="true" condition-coverage="100% (2/2)" />
            <line number="574" hits="1" branch="false" />
            <line number="575" hits="1" branch="false" />
            <line number="576" hits="1" branch="false" />
            <line number="577" hits="1" branch="false" />
            <line number="579" hits="4" branch="true" condition-coverage="75% (3/4)" />
            <line number="580" hits="3" branch="false" />
            <line number="581" hits="3" branch="false" />
            <line number="582" hits="3" branch="false" />
            <line number="584" hits="131" branch="true" condition-coverage="100% (2/2)" />
            <line number="585" hits="61" branch="false" />
            <line number="586" hits="61" branch="true" condition-coverage="50% (1/2)" />
            <line number="587" hits="62" branch="true" condition-coverage="100% (2/2)" />
            <line number="588" hits="61" branch="false" />
            <line number="589" hits="3" branch="false" />
            <line number="590" hits="3" branch="false" />
            <line number="592" hits="1" branch="false" />
            <line number="593" hits="1" branch="false" />
            <line number="594" hits="1" branch="false" />
            <line number="595" hits="1" branch="false" />
            <line number="596" hits="1" branch="false" />
            <line number="597" hits="1" branch="false" />
            <line number="599" hits="4" branch="false" />
            <line number="600" hits="4" branch="false" />
            <line number="601" hits="4" branch="false" />
            <line number="602" hits="4" branch="false" />
            <line number="603" hits="4" branch="false" />
            <line number="604" hits="4" branch="false" />
            <line number="605" hits="4" branch="false" />
            <line number="606" hits="4" branch="false" />
            <line number="607" hits="5" branch="false" />
            <line number="609" hits="0" branch="false" />
            <line number="610" hits="0" branch="false" />
            <line number="611" hits="0" branch="false" />
            <line number="612" hits="5" branch="false" />
            <line number="614" hits="2" branch="false" />
            <line number="615" hits="2" branch="false" />
            <line number="618" hits="1329" branch="false" />
            <line number="619" hits="1329" branch="false" />
            <line number="620" hits="1329" branch="false" />
            <line number="622" hits="2298" branch="true" condition-coverage="100% (2/2)" />
            <line number="624" hits="360" branch="false" />
            <line number="625" hits="360" branch="false" />
            <line number="626" hits="360" branch="false" />
            <line number="627" hits="372" branch="false" />
            <line number="628" hits="360" branch="false" />
            <line number="630" hits="360" branch="true" condition-coverage="50% (1/2)" />
            <line number="631" hits="1329" branch="false" />
            <line number="634" hits="0" branch="false" />
            <line number="635" hits="0" branch="true" condition-coverage="0% (0/6)" />
            <line number="637" hits="0" branch="false" />
            <line number="638" hits="0" branch="true" condition-coverage="0% (0/4)" />
            <line number="639" hits="0" branch="false" />
            <line number="640" hits="0" branch="true" condition-coverage="0% (0/4)" />
            <line number="641" hits="0" branch="false" />
            <line number="643" hits="0" branch="true" condition-coverage="0% (0/2)" />
            <line number="644" hits="0" branch="false" />
            <line number="647" hits="13" branch="false" />
            <line number="648" hits="21" branch="true" condition-coverage="100% (2/2)" />
            <line number="650" hits="5" branch="false" />
            <line number="652" hits="5" branch="true" condition-coverage="100% (2/2)" />
            <line number="653" hits="5" branch="false" />
            <line number="654" hits="25" branch="true" condition-coverage="100% (2/2)" />
            <line number="655" hits="5" branch="false" />
            <line number="656" hits="5" branch="true" condition-coverage="100% (2/2)" />
            <line number="657" hits="5" branch="false" />
            <line number="658" hits="5" branch="false" />
            <line number="659" hits="5" branch="false" />
            <line number="661" hits="5" branch="true" condition-coverage="50% (1/2)" />
            <line number="662" hits="13" branch="false" />
            <line number="665" hits="95" branch="false" />
            <line number="667" hits="95" branch="false" />
            <line number="668" hits="95" branch="false" />
            <line number="669" hits="95" branch="true" condition-coverage="100% (2/2)" />
            <line number="670" hits="90" branch="false" />
            <line number="671" hits="90" branch="false" />
            <line number="675" hits="5" branch="false" />
            <line number="676" hits="5" branch="false" />
            <line number="677" hits="5" branch="true" condition-coverage="100% (2/2)" />
            <line number="678" hits="3" branch="false" />
            <line number="679" hits="3" branch="false" />
            <line number="682" hits="2" branch="false" />
            <line number="683" hits="95" branch="false" />
            <line number="686" hits="4" branch="false" />
            <line number="687" hits="4" branch="false" />
            <line number="688" hits="4" branch="false" />
            <line number="689" hits="4" branch="true" condition-coverage="100% (2/2)" />
            <line number="690" hits="4" branch="false" />
            <line number="693" hits="105" branch="false" />
            <line number="694" hits="105" branch="false" />
            <line number="695" hits="105" branch="false" />
            <line number="696" hits="105" branch="false" />
            <line number="698" hits="519" branch="true" condition-coverage="100% (2/2)" />
            <line number="699" hits="102" branch="false" />
            <line number="700" hits="102" branch="false" />
            <line number="701" hits="102" branch="false" />
            <line number="704" hits="102" branch="false" />
            <line number="705" hits="102" branch="false" />
            <line number="707" hits="31211" branch="true" condition-coverage="100% (4/4)" />
            <line number="708" hits="31109" branch="false" />
            <line number="709" hits="31109" branch="false" />
            <line number="710" hits="31109" branch="true" condition-coverage="100% (2/2)" />
            <line number="711" hits="362" branch="false" />
            <line number="712" hits="30747" branch="true" condition-coverage="100% (2/2)" />
            <line number="713" hits="463" branch="false" />
            <line number="714" hits="31109" branch="false" />
            <line number="715" hits="31109" branch="false" />
            <line number="717" hits="102" branch="true" condition-coverage="100% (2/2)" />
            <line number="718" hits="101" branch="false" />
            <line number="719" hits="101" branch="false" />
            <line number="720" hits="101" branch="false" />
            <line number="721" hits="101" branch="false" />
            <line number="723" hits="1" branch="false" />
            <line number="724" hits="1" branch="false" />
            <line number="725" hits="1" branch="false" />
            <line number="726" hits="102" branch="false" />
            <line number="728" hits="105" branch="false" />
            <line number="729" hits="105" branch="false" />
            <line number="732" hits="105" branch="false" />
            <line number="733" hits="105" branch="false" />
            <line number="734" hits="105" branch="false" />
            <line number="735" hits="105" branch="false" />
            <line number="737" hits="323" branch="true" condition-coverage="100% (2/2)" />
            <line number="738" hits="4" branch="false" />
            <line number="739" hits="4" branch="false" />
            <line number="740" hits="4" branch="false" />
            <line number="742" hits="4" branch="false" />
            <line number="743" hits="4" branch="false" />
            <line number="745" hits="288" branch="true" condition-coverage="100% (4/4)" />
            <line number="746" hits="284" branch="false" />
            <line number="747" hits="284" branch="false" />
            <line number="748" hits="284" branch="true" condition-coverage="50% (1/2)" />
            <line number="749" hits="0" branch="false" />
            <line number="750" hits="284" branch="true" condition-coverage="100% (2/2)" />
            <line number="751" hits="4" branch="false" />
            <line number="752" hits="284" branch="false" />
            <line number="753" hits="284" branch="false" />
            <line number="755" hits="4" branch="true" condition-coverage="100% (2/2)" />
            <line number="756" hits="4" branch="false" />
            <line number="757" hits="4" branch="false" />
            <line number="758" hits="4" branch="false" />
            <line number="759" hits="4" branch="false" />
            <line number="760" hits="4" branch="false" />
            <line number="762" hits="105" branch="false" />
            <line number="763" hits="105" branch="false" />
            <line number="766" hits="105" branch="false" />
            <line number="767" hits="105" branch="false" />
            <line number="768" hits="105" branch="false" />
            <line number="769" hits="105" branch="false" />
            <line number="771" hits="319" branch="true" condition-coverage="100% (2/2)" />
            <line number="772" hits="2" branch="false" />
            <line number="773" hits="2" branch="false" />
            <line number="775" hits="2" branch="false" />
            <line number="776" hits="2" branch="false" />
            <line number="778" hits="211" branch="true" condition-coverage="100% (4/4)" />
            <line number="779" hits="209" branch="false" />
            <line number="780" hits="209" branch="false" />
            <line number="781" hits="209" branch="true" condition-coverage="100% (2/2)" />
            <line number="782" hits="1" branch="false" />
            <line number="783" hits="208" branch="true" condition-coverage="100% (2/2)" />
            <line number="784" hits="3" branch="false" />
            <line number="785" hits="209" branch="false" />
            <line number="786" hits="209" branch="false" />
            <line number="788" hits="2" branch="true" condition-coverage="100% (2/2)" />
            <line number="789" hits="2" branch="false" />
            <line number="790" hits="2" branch="false" />
            <line number="791" hits="2" branch="false" />
            <line number="792" hits="2" branch="false" />
            <line number="793" hits="2" branch="false" />
            <line number="795" hits="105" branch="false" />
            <line number="796" hits="105" branch="false" />
          </lines>
        </class>
        <class name="ConditionalAccessExporter.Utils.FileHelper" filename="/home/runner/work/CA_Scanner/CA_Scanner/ConditionalAccessExporter/Utils/FileHelper.cs" line-rate="0" branch-rate="0" complexity="14">
          <methods>
            <method name="SanitizeFileName" signature="(System.String)" line-rate="0" branch-rate="0" complexity="14">
              <lines>
                <line number="18" hits="0" branch="false" />
                <line number="19" hits="0" branch="true" condition-coverage="0% (0/2)" />
                <line number="20" hits="0" branch="false" />
                <line number="23" hits="0" branch="false" />
                <line number="26" hits="0" branch="false" />
                <line number="27" hits="0" branch="true" condition-coverage="0% (0/2)" />
                <line number="28" hits="0" branch="false" />
                <line number="29" hits="0" branch="true" condition-coverage="0% (0/2)" />
                <line number="30" hits="0" branch="false" />
                <line number="32" hits="0" branch="false" />
                <line number="33" hits="0" branch="false" />
                <line number="36" hits="0" branch="false" />
                <line number="37" hits="0" branch="false" />
                <line number="38" hits="0" branch="true" condition-coverage="0% (0/2)" />
                <line number="39" hits="0" branch="false" />
                <line number="40" hits="0" branch="true" condition-coverage="0% (0/2)" />
                <line number="41" hits="0" branch="false" />
                <line number="42" hits="0" branch="true" condition-coverage="0% (0/2)" />
                <line number="43" hits="0" branch="false" />
                <line number="44" hits="0" branch="false" />
                <line number="45" hits="0" branch="false" />
                <line number="46" hits="0" branch="false" />
                <line number="47" hits="0" branch="false" />
                <line number="49" hits="0" branch="false" />
                <line number="50" hits="0" branch="false" />
                <line number="51" hits="0" branch="false" />
                <line number="52" hits="0" branch="false" />
                <line number="53" hits="0" branch="false" />
                <line number="54" hits="0" branch="false" />
                <line number="57" hits="0" branch="false" />
                <line number="60" hits="0" branch="true" condition-coverage="0% (0/2)" />
                <line number="61" hits="0" branch="false" />
                <line number="63" hits="0" branch="false" />
                <line number="64" hits="0" branch="false" />
              </lines>
            </method>
          </methods>
          <lines>
            <line number="18" hits="0" branch="false" />
            <line number="19" hits="0" branch="true" condition-coverage="0% (0/2)" />
            <line number="20" hits="0" branch="false" />
            <line number="23" hits="0" branch="false" />
            <line number="26" hits="0" branch="false" />
            <line number="27" hits="0" branch="true" condition-coverage="0% (0/2)" />
            <line number="28" hits="0" branch="false" />
            <line number="29" hits="0" branch="true" condition-coverage="0% (0/2)" />
            <line number="30" hits="0" branch="false" />
            <line number="32" hits="0" branch="false" />
            <line number="33" hits="0" branch="false" />
            <line number="36" hits="0" branch="false" />
            <line number="37" hits="0" branch="false" />
            <line number="38" hits="0" branch="true" condition-coverage="0% (0/2)" />
            <line number="39" hits="0" branch="false" />
            <line number="40" hits="0" branch="true" condition-coverage="0% (0/2)" />
            <line number="41" hits="0" branch="false" />
            <line number="42" hits="0" branch="true" condition-coverage="0% (0/2)" />
            <line number="43" hits="0" branch="false" />
            <line number="44" hits="0" branch="false" />
            <line number="45" hits="0" branch="false" />
            <line number="46" hits="0" branch="false" />
            <line number="47" hits="0" branch="false" />
            <line number="49" hits="0" branch="false" />
            <line number="50" hits="0" branch="false" />
            <line number="51" hits="0" branch="false" />
            <line number="52" hits="0" branch="false" />
            <line number="53" hits="0" branch="false" />
            <line number="54" hits="0" branch="false" />
            <line number="57" hits="0" branch="false" />
            <line number="60" hits="0" branch="true" condition-coverage="0% (0/2)" />
            <line number="61" hits="0" branch="false" />
            <line number="63" hits="0" branch="false" />
            <line number="64" hits="0" branch="false" />
          </lines>
        </class>
      </classes>
    </package>
  </packages>
</coverage>